
bb_init()
    conn:
    proto_major = 7
    proto_minor = 26
    async_read = 1
    max_write = 131072
    max_readahead = 131072
    capable = 00000ffb
    want = 00000010
    max_background = 0
    congestion_threshold = 0
    context:
    fuse = 62cc4830
    uid = 0
    gid = 0
    pid = 0
    private_data = 62cc3260
    logfile = 62cc4290
    rootdir = /home/aleks/Documents/operativos/proyecto2/fuse-tutorial/fuse-tutorial-2018-02-04/example/rootdir
    umask = 00000

bb_getattr(path="/", statbuf=0xd4c9ac00)
    bb_fullpath:  rootdir = "/home/aleks/Documents/operativos/proyecto2/fuse-tutorial/fuse-tutorial-2018-02-04/example/rootdir", path = "/", fpath = "/home/aleks/Documents/operativos/proyecto2/fuse-tutorial/fuse-tutorial-2018-02-04/example/rootdir/"
    lstat returned 0
    si:
    st_dev = 2049
    st_ino = 138805
    st_mode = 040755
    st_nlink = 2
    st_uid = 1000
    st_gid = 1000
    st_rdev = 0
    st_size = 4096
    st_blksize = 4096
    st_blocks = 8
    st_atime = 0x5b21beeb
    st_mtime = 0x5b21beeb
    st_ctime = 0x5b21beeb

bb_access(path="/", mask=04)
    bb_fullpath:  rootdir = "/home/aleks/Documents/operativos/proyecto2/fuse-tutorial/fuse-tutorial-2018-02-04/example/rootdir", path = "/", fpath = "/home/aleks/Documents/operativos/proyecto2/fuse-tutorial/fuse-tutorial-2018-02-04/example/rootdir/"

bb_getattr(path="/.Trash", statbuf=0xd4c9ac30)
    bb_fullpath:  rootdir = "/home/aleks/Documents/operativos/proyecto2/fuse-tutorial/fuse-tutorial-2018-02-04/example/rootdir", path = "/.Trash", fpath = "/home/aleks/Documents/operativos/proyecto2/fuse-tutorial/fuse-tutorial-2018-02-04/example/rootdir/.Trash"
    lstat returned -1
    ERROR lstat: No such file or directory
    si:
    st_dev = 0
    st_ino = 0
    st_mode = 00
    st_nlink = 0
    st_uid = 0
    st_gid = 0
    st_rdev = 0
    st_size = 0
    st_blksize = 0
    st_blocks = 0
    st_atime = 0x00000000
    st_mtime = 0x00000000
    st_ctime = 0x00000000

bb_getattr(path="/.Trash-1000", statbuf=0xd549bc30)
    bb_fullpath:  rootdir = "/home/aleks/Documents/operativos/proyecto2/fuse-tutorial/fuse-tutorial-2018-02-04/example/rootdir", path = "/.Trash-1000", fpath = "/home/aleks/Documents/operativos/proyecto2/fuse-tutorial/fuse-tutorial-2018-02-04/example/rootdir/.Trash-1000"
    lstat returned -1
    ERROR lstat: No such file or directory
    si:
    st_dev = 0
    st_ino = 0
    st_mode = 00
    st_nlink = 0
    st_uid = 0
    st_gid = 0
    st_rdev = 0
    st_size = 0
    st_blksize = 0
    st_blocks = 0
    st_atime = 0x00000000
    st_mtime = 0x00000000
    st_ctime = 0x00000000

bb_getattr(path="/.xdg-volume-info", statbuf=0xd4c9ac30)
    bb_fullpath:  rootdir = "/home/aleks/Documents/operativos/proyecto2/fuse-tutorial/fuse-tutorial-2018-02-04/example/rootdir", path = "/.xdg-volume-info", fpath = "/home/aleks/Documents/operativos/proyecto2/fuse-tutorial/fuse-tutorial-2018-02-04/example/rootdir/.xdg-volume-info"
    lstat returned -1
    ERROR lstat: No such file or directory
    si:
    st_dev = 0
    st_ino = 0
    st_mode = 00
    st_nlink = 0
    st_uid = 0
    st_gid = 0
    st_rdev = 0
    st_size = 0
    st_blksize = 0
    st_blocks = 0
    st_atime = 0x00000000
    st_mtime = 0x00000000
    st_ctime = 0x00000000

bb_getattr(path="/autorun.inf", statbuf=0xd549bc30)
    bb_fullpath:  rootdir = "/home/aleks/Documents/operativos/proyecto2/fuse-tutorial/fuse-tutorial-2018-02-04/example/rootdir", path = "/autorun.inf", fpath = "/home/aleks/Documents/operativos/proyecto2/fuse-tutorial/fuse-tutorial-2018-02-04/example/rootdir/autorun.inf"
    lstat returned -1
    ERROR lstat: No such file or directory
    si:
    st_dev = 0
    st_ino = 0
    st_mode = 00
    st_nlink = 0
    st_uid = 0
    st_gid = 0
    st_rdev = 0
    st_size = 0
    st_blksize = 0
    st_blocks = 0
    st_atime = 0x00000000
    st_mtime = 0x00000000
    st_ctime = 0x00000000

bb_opendir(path="/", fi=0xd4c9ac20)
    bb_fullpath:  rootdir = "/home/aleks/Documents/operativos/proyecto2/fuse-tutorial/fuse-tutorial-2018-02-04/example/rootdir", path = "/", fpath = "/home/aleks/Documents/operativos/proyecto2/fuse-tutorial/fuse-tutorial-2018-02-04/example/rootdir/"
    opendir returned 0x0x7f61c8000f30
    fi:
    flags = 0x00018800
    fh_old = 0x00000000
    writepage = 0
    direct_io = 0
    keep_cache = 0
    fh = 0x00007f61c8000f30
    lock_owner = 0x0000000000000000

bb_getattr(path="/", statbuf=0xd549bc00)
    bb_fullpath:  rootdir = "/home/aleks/Documents/operativos/proyecto2/fuse-tutorial/fuse-tutorial-2018-02-04/example/rootdir", path = "/", fpath = "/home/aleks/Documents/operativos/proyecto2/fuse-tutorial/fuse-tutorial-2018-02-04/example/rootdir/"
    lstat returned 0
    si:
    st_dev = 2049
    st_ino = 138805
    st_mode = 040755
    st_nlink = 2
    st_uid = 1000
    st_gid = 1000
    st_rdev = 0
    st_size = 4096
    st_blksize = 4096
    st_blocks = 8
    st_atime = 0x5b21beeb
    st_mtime = 0x5b21beeb
    st_ctime = 0x5b21beeb

bb_readdir(path="/", buf=0xc8000eb0, filler=0xd5cb8d00, offset=0, fi=0xd4c9ac20)
    readdir returned 0x0x7f61c8000f60
calling filler with name .
calling filler with name bogus.txt
calling filler with name ..
    fi:
    flags = 0x00000000
    fh_old = 0x7f61c8000f30
    writepage = 0
    direct_io = 0
    keep_cache = 0
    fh = 0x00007f61c8000f30
    lock_owner = 0x0000000000000000

bb_getattr(path="/bogus.txt", statbuf=0xd4c9ac30)
    bb_fullpath:  rootdir = "/home/aleks/Documents/operativos/proyecto2/fuse-tutorial/fuse-tutorial-2018-02-04/example/rootdir", path = "/bogus.txt", fpath = "/home/aleks/Documents/operativos/proyecto2/fuse-tutorial/fuse-tutorial-2018-02-04/example/rootdir/bogus.txt"
    lstat returned 0
    si:
    st_dev = 2049
    st_ino = 138806
    st_mode = 0100644
    st_nlink = 1
    st_uid = 1000
    st_gid = 1000
    st_rdev = 0
    st_size = 11
    st_blksize = 4096
    st_blocks = 8
    st_atime = 0x5b21beee
    st_mtime = 0x5b21beeb
    st_ctime = 0x5b21beeb

bb_releasedir(path="/", fi=0xd4c9ac30)
    fi:
    flags = 0x00000000
    fh_old = 0x7f61c8000f30
    writepage = 0
    direct_io = 0
    keep_cache = 0
    fh = 0x00007f61c8000f30
    lock_owner = 0x0000000000000000

bb_opendir(path="/", fi=0xd4c9ac20)
    bb_fullpath:  rootdir = "/home/aleks/Documents/operativos/proyecto2/fuse-tutorial/fuse-tutorial-2018-02-04/example/rootdir", path = "/", fpath = "/home/aleks/Documents/operativos/proyecto2/fuse-tutorial/fuse-tutorial-2018-02-04/example/rootdir/"
    opendir returned 0x0x7f61c8009530
    fi:
    flags = 0x00018800
    fh_old = 0x00000000
    writepage = 0
    direct_io = 0
    keep_cache = 0
    fh = 0x00007f61c8009530
    lock_owner = 0x0000000000000000

bb_getattr(path="/", statbuf=0xd4c9ac00)
    bb_fullpath:  rootdir = "/home/aleks/Documents/operativos/proyecto2/fuse-tutorial/fuse-tutorial-2018-02-04/example/rootdir", path = "/", fpath = "/home/aleks/Documents/operativos/proyecto2/fuse-tutorial/fuse-tutorial-2018-02-04/example/rootdir/"
    lstat returned 0
    si:
    st_dev = 2049
    st_ino = 138805
    st_mode = 040755
    st_nlink = 2
    st_uid = 1000
    st_gid = 1000
    st_rdev = 0
    st_size = 4096
    st_blksize = 4096
    st_blocks = 8
    st_atime = 0x5b21beeb
    st_mtime = 0x5b21beeb
    st_ctime = 0x5b21beeb

bb_readdir(path="/", buf=0xc8000fc0, filler=0xd5cb8d00, offset=0, fi=0xd549bc20)
    readdir returned 0x0x7f61c8009560
calling filler with name .
calling filler with name bogus.txt
calling filler with name ..
    fi:
    flags = 0x00000000
    fh_old = 0x7f61c8009530
    writepage = 0
    direct_io = 0
    keep_cache = 0
    fh = 0x00007f61c8009530
    lock_owner = 0x0000000000000000

bb_releasedir(path="/", fi=0xd4c9ac30)
    fi:
    flags = 0x00000000
    fh_old = 0x7f61c8009530
    writepage = 0
    direct_io = 0
    keep_cache = 0
    fh = 0x00007f61c8009530
    lock_owner = 0x0000000000000000

bb_opendir(path="/", fi=0xd4c9ac20)
    bb_fullpath:  rootdir = "/home/aleks/Documents/operativos/proyecto2/fuse-tutorial/fuse-tutorial-2018-02-04/example/rootdir", path = "/", fpath = "/home/aleks/Documents/operativos/proyecto2/fuse-tutorial/fuse-tutorial-2018-02-04/example/rootdir/"
    opendir returned 0x0x7f61c8009530
    fi:
    flags = 0x00018800
    fh_old = 0x00000000
    writepage = 0
    direct_io = 0
    keep_cache = 0
    fh = 0x00007f61c8009530
    lock_owner = 0x0000000000000000

bb_getattr(path="/", statbuf=0xd549bc00)
    bb_fullpath:  rootdir = "/home/aleks/Documents/operativos/proyecto2/fuse-tutorial/fuse-tutorial-2018-02-04/example/rootdir", path = "/", fpath = "/home/aleks/Documents/operativos/proyecto2/fuse-tutorial/fuse-tutorial-2018-02-04/example/rootdir/"
    lstat returned 0
    si:
    st_dev = 2049
    st_ino = 138805
    st_mode = 040755
    st_nlink = 2
    st_uid = 1000
    st_gid = 1000
    st_rdev = 0
    st_size = 4096
    st_blksize = 4096
    st_blocks = 8
    st_atime = 0x5b21beeb
    st_mtime = 0x5b21beeb
    st_ctime = 0x5b21beeb

bb_readdir(path="/", buf=0xc8001040, filler=0xd5cb8d00, offset=0, fi=0xd4c9ac20)
    readdir returned 0x0x7f61c8009560
calling filler with name .
calling filler with name bogus.txt
calling filler with name ..
    fi:
    flags = 0x00000000
    fh_old = 0x7f61c8009530
    writepage = 0
    direct_io = 0
    keep_cache = 0
    fh = 0x00007f61c8009530
    lock_owner = 0x0000000000000000

bb_releasedir(path="/", fi=0xd549bc30)
    fi:
    flags = 0x00000000
    fh_old = 0x7f61c8009530
    writepage = 0
    direct_io = 0
    keep_cache = 0
    fh = 0x00007f61c8009530
    lock_owner = 0x0000000000000000

bb_opendir(path="/", fi=0xd549bc20)
    bb_fullpath:  rootdir = "/home/aleks/Documents/operativos/proyecto2/fuse-tutorial/fuse-tutorial-2018-02-04/example/rootdir", path = "/", fpath = "/home/aleks/Documents/operativos/proyecto2/fuse-tutorial/fuse-tutorial-2018-02-04/example/rootdir/"
    opendir returned 0x0x7f61d00026f0
    fi:
    flags = 0x00018800
    fh_old = 0x00000000
    writepage = 0
    direct_io = 0
    keep_cache = 0
    fh = 0x00007f61d00026f0
    lock_owner = 0x0000000000000000

bb_getattr(path="/", statbuf=0xd549bc00)
    bb_fullpath:  rootdir = "/home/aleks/Documents/operativos/proyecto2/fuse-tutorial/fuse-tutorial-2018-02-04/example/rootdir", path = "/", fpath = "/home/aleks/Documents/operativos/proyecto2/fuse-tutorial/fuse-tutorial-2018-02-04/example/rootdir/"
    lstat returned 0
    si:
    st_dev = 2049
    st_ino = 138805
    st_mode = 040755
    st_nlink = 2
    st_uid = 1000
    st_gid = 1000
    st_rdev = 0
    st_size = 4096
    st_blksize = 4096
    st_blocks = 8
    st_atime = 0x5b21beeb
    st_mtime = 0x5b21beeb
    st_ctime = 0x5b21beeb

bb_readdir(path="/", buf=0xd0002670, filler=0xd5cb8d00, offset=0, fi=0xd4c9ac20)
    readdir returned 0x0x7f61d0002720
calling filler with name .
calling filler with name bogus.txt
calling filler with name ..
    fi:
    flags = 0x00000000
    fh_old = 0x7f61d00026f0
    writepage = 0
    direct_io = 0
    keep_cache = 0
    fh = 0x00007f61d00026f0
    lock_owner = 0x0000000000000000

bb_releasedir(path="/", fi=0xd549bc30)
    fi:
    flags = 0x00000000
    fh_old = 0x7f61d00026f0
    writepage = 0
    direct_io = 0
    keep_cache = 0
    fh = 0x00007f61d00026f0
    lock_owner = 0x0000000000000000

bb_opendir(path="/", fi=0xd549bc20)
    bb_fullpath:  rootdir = "/home/aleks/Documents/operativos/proyecto2/fuse-tutorial/fuse-tutorial-2018-02-04/example/rootdir", path = "/", fpath = "/home/aleks/Documents/operativos/proyecto2/fuse-tutorial/fuse-tutorial-2018-02-04/example/rootdir/"
    opendir returned 0x0x7f61d0002770
    fi:
    flags = 0x00018800
    fh_old = 0x00000000
    writepage = 0
    direct_io = 0
    keep_cache = 0
    fh = 0x00007f61d0002770
    lock_owner = 0x0000000000000000

bb_getattr(path="/", statbuf=0xd4c9ac00)
    bb_fullpath:  rootdir = "/home/aleks/Documents/operativos/proyecto2/fuse-tutorial/fuse-tutorial-2018-02-04/example/rootdir", path = "/", fpath = "/home/aleks/Documents/operativos/proyecto2/fuse-tutorial/fuse-tutorial-2018-02-04/example/rootdir/"
    lstat returned 0
    si:
    st_dev = 2049
    st_ino = 138805
    st_mode = 040755
    st_nlink = 2
    st_uid = 1000
    st_gid = 1000
    st_rdev = 0
    st_size = 4096
    st_blksize = 4096
    st_blocks = 8
    st_atime = 0x5b21beeb
    st_mtime = 0x5b21beeb
    st_ctime = 0x5b21beeb

bb_readdir(path="/", buf=0xd00026f0, filler=0xd5cb8d00, offset=0, fi=0xd549bc20)
    readdir returned 0x0x7f61d00027a0
calling filler with name .
calling filler with name bogus.txt
calling filler with name ..
    fi:
    flags = 0x00000000
    fh_old = 0x7f61d0002770
    writepage = 0
    direct_io = 0
    keep_cache = 0
    fh = 0x00007f61d0002770
    lock_owner = 0x0000000000000000

bb_releasedir(path="/", fi=0xd4c9ac30)
    fi:
    flags = 0x00000000
    fh_old = 0x7f61d0002770
    writepage = 0
    direct_io = 0
    keep_cache = 0
    fh = 0x00007f61d0002770
    lock_owner = 0x0000000000000000

bb_opendir(path="/", fi=0xd549bc20)
    bb_fullpath:  rootdir = "/home/aleks/Documents/operativos/proyecto2/fuse-tutorial/fuse-tutorial-2018-02-04/example/rootdir", path = "/", fpath = "/home/aleks/Documents/operativos/proyecto2/fuse-tutorial/fuse-tutorial-2018-02-04/example/rootdir/"
    opendir returned 0x0x7f61d00029a0
    fi:
    flags = 0x00018800
    fh_old = 0x00000000
    writepage = 0
    direct_io = 0
    keep_cache = 0
    fh = 0x00007f61d00029a0
    lock_owner = 0x0000000000000000

bb_getattr(path="/", statbuf=0xd4c9ac00)
    bb_fullpath:  rootdir = "/home/aleks/Documents/operativos/proyecto2/fuse-tutorial/fuse-tutorial-2018-02-04/example/rootdir", path = "/", fpath = "/home/aleks/Documents/operativos/proyecto2/fuse-tutorial/fuse-tutorial-2018-02-04/example/rootdir/"
    lstat returned 0
    si:
    st_dev = 2049
    st_ino = 138805
    st_mode = 040755
    st_nlink = 2
    st_uid = 1000
    st_gid = 1000
    st_rdev = 0
    st_size = 4096
    st_blksize = 4096
    st_blocks = 8
    st_atime = 0x5b21beeb
    st_mtime = 0x5b21beeb
    st_ctime = 0x5b21beeb

bb_readdir(path="/", buf=0xd0002920, filler=0xd5cb8d00, offset=0, fi=0xd549bc20)
    readdir returned 0x0x7f61d00029d0
calling filler with name .
calling filler with name bogus.txt
calling filler with name ..
    fi:
    flags = 0x00000000
    fh_old = 0x7f61d00029a0
    writepage = 0
    direct_io = 0
    keep_cache = 0
    fh = 0x00007f61d00029a0
    lock_owner = 0x0000000000000000

bb_releasedir(path="/", fi=0xd549bc30)
    fi:
    flags = 0x00000000
    fh_old = 0x7f61d00029a0
    writepage = 0
    direct_io = 0
    keep_cache = 0
    fh = 0x00007f61d00029a0
    lock_owner = 0x0000000000000000

bb_opendir(path="/", fi=0xd549bc20)
    bb_fullpath:  rootdir = "/home/aleks/Documents/operativos/proyecto2/fuse-tutorial/fuse-tutorial-2018-02-04/example/rootdir", path = "/", fpath = "/home/aleks/Documents/operativos/proyecto2/fuse-tutorial/fuse-tutorial-2018-02-04/example/rootdir/"
    opendir returned 0x0x7f61d0002a20
    fi:
    flags = 0x00018800
    fh_old = 0x00000000
    writepage = 0
    direct_io = 0
    keep_cache = 0
    fh = 0x00007f61d0002a20
    lock_owner = 0x0000000000000000

bb_getattr(path="/", statbuf=0xd4c9ac00)
    bb_fullpath:  rootdir = "/home/aleks/Documents/operativos/proyecto2/fuse-tutorial/fuse-tutorial-2018-02-04/example/rootdir", path = "/", fpath = "/home/aleks/Documents/operativos/proyecto2/fuse-tutorial/fuse-tutorial-2018-02-04/example/rootdir/"
    lstat returned 0
    si:
    st_dev = 2049
    st_ino = 138805
    st_mode = 040755
    st_nlink = 2
    st_uid = 1000
    st_gid = 1000
    st_rdev = 0
    st_size = 4096
    st_blksize = 4096
    st_blocks = 8
    st_atime = 0x5b21beeb
    st_mtime = 0x5b21beeb
    st_ctime = 0x5b21beeb

bb_readdir(path="/", buf=0xd00029a0, filler=0xd5cb8d00, offset=0, fi=0xcfffec20)
    readdir returned 0x0x7f61d0002a50
calling filler with name .
calling filler with name bogus.txt
calling filler with name ..
    fi:
    flags = 0x00000000
    fh_old = 0x7f61d0002a20
    writepage = 0
    direct_io = 0
    keep_cache = 0
    fh = 0x00007f61d0002a20
    lock_owner = 0x0000000000000000

bb_releasedir(path="/", fi=0xcfffec30)
    fi:
    flags = 0x00000000
    fh_old = 0x7f61d0002a20
    writepage = 0
    direct_io = 0
    keep_cache = 0
    fh = 0x00007f61d0002a20
    lock_owner = 0x0000000000000000

bb_opendir(path="/", fi=0xcfffec20)
    bb_fullpath:  rootdir = "/home/aleks/Documents/operativos/proyecto2/fuse-tutorial/fuse-tutorial-2018-02-04/example/rootdir", path = "/", fpath = "/home/aleks/Documents/operativos/proyecto2/fuse-tutorial/fuse-tutorial-2018-02-04/example/rootdir/"
    opendir returned 0x0x7f61c4001340
    fi:
    flags = 0x00018800
    fh_old = 0x00000000
    writepage = 0
    direct_io = 0
    keep_cache = 0
    fh = 0x00007f61c4001340
    lock_owner = 0x0000000000000000

bb_getattr(path="/", statbuf=0xd4c9ac00)
    bb_fullpath:  rootdir = "/home/aleks/Documents/operativos/proyecto2/fuse-tutorial/fuse-tutorial-2018-02-04/example/rootdir", path = "/", fpath = "/home/aleks/Documents/operativos/proyecto2/fuse-tutorial/fuse-tutorial-2018-02-04/example/rootdir/"
    lstat returned 0
    si:
    st_dev = 2049
    st_ino = 138805
    st_mode = 040755
    st_nlink = 2
    st_uid = 1000
    st_gid = 1000
    st_rdev = 0
    st_size = 4096
    st_blksize = 4096
    st_blocks = 8
    st_atime = 0x5b21beeb
    st_mtime = 0x5b21beeb
    st_ctime = 0x5b21beeb

bb_readdir(path="/", buf=0xc40012c0, filler=0xd5cb8d00, offset=0, fi=0xd549bc20)
    readdir returned 0x0x7f61c4001370
calling filler with name .
calling filler with name bogus.txt
calling filler with name ..
    fi:
    flags = 0x00000000
    fh_old = 0x7f61c4001340
    writepage = 0
    direct_io = 0
    keep_cache = 0
    fh = 0x00007f61c4001340
    lock_owner = 0x0000000000000000

bb_releasedir(path="/", fi=0xd549bc30)
    fi:
    flags = 0x00000000
    fh_old = 0x7f61c4001340
    writepage = 0
    direct_io = 0
    keep_cache = 0
    fh = 0x00007f61c4001340
    lock_owner = 0x0000000000000000

bb_opendir(path="/", fi=0xd549bc20)
    bb_fullpath:  rootdir = "/home/aleks/Documents/operativos/proyecto2/fuse-tutorial/fuse-tutorial-2018-02-04/example/rootdir", path = "/", fpath = "/home/aleks/Documents/operativos/proyecto2/fuse-tutorial/fuse-tutorial-2018-02-04/example/rootdir/"
    opendir returned 0x0x7f61d0002aa0
    fi:
    flags = 0x00018800
    fh_old = 0x00000000
    writepage = 0
    direct_io = 0
    keep_cache = 0
    fh = 0x00007f61d0002aa0
    lock_owner = 0x0000000000000000

bb_getattr(path="/", statbuf=0xd4c9ac00)
    bb_fullpath:  rootdir = "/home/aleks/Documents/operativos/proyecto2/fuse-tutorial/fuse-tutorial-2018-02-04/example/rootdir", path = "/", fpath = "/home/aleks/Documents/operativos/proyecto2/fuse-tutorial/fuse-tutorial-2018-02-04/example/rootdir/"
    lstat returned 0
    si:
    st_dev = 2049
    st_ino = 138805
    st_mode = 040755
    st_nlink = 2
    st_uid = 1000
    st_gid = 1000
    st_rdev = 0
    st_size = 4096
    st_blksize = 4096
    st_blocks = 8
    st_atime = 0x5b21beeb
    st_mtime = 0x5b21beeb
    st_ctime = 0x5b21beeb

bb_readdir(path="/", buf=0xd0002a20, filler=0xd5cb8d00, offset=0, fi=0xcfffec20)
    readdir returned 0x0x7f61d0002ad0
calling filler with name .
calling filler with name bogus.txt
calling filler with name ..
    fi:
    flags = 0x00000000
    fh_old = 0x7f61d0002aa0
    writepage = 0
    direct_io = 0
    keep_cache = 0
    fh = 0x00007f61d0002aa0
    lock_owner = 0x0000000000000000

bb_releasedir(path="/", fi=0xcfffec30)
    fi:
    flags = 0x00000000
    fh_old = 0x7f61d0002aa0
    writepage = 0
    direct_io = 0
    keep_cache = 0
    fh = 0x00007f61d0002aa0
    lock_owner = 0x0000000000000000

bb_opendir(path="/", fi=0xcfffec20)
    bb_fullpath:  rootdir = "/home/aleks/Documents/operativos/proyecto2/fuse-tutorial/fuse-tutorial-2018-02-04/example/rootdir", path = "/", fpath = "/home/aleks/Documents/operativos/proyecto2/fuse-tutorial/fuse-tutorial-2018-02-04/example/rootdir/"
    opendir returned 0x0x7f61c4009410
    fi:
    flags = 0x00018800
    fh_old = 0x00000000
    writepage = 0
    direct_io = 0
    keep_cache = 0
    fh = 0x00007f61c4009410
    lock_owner = 0x0000000000000000

bb_getattr(path="/", statbuf=0xd4c9ac00)
    bb_fullpath:  rootdir = "/home/aleks/Documents/operativos/proyecto2/fuse-tutorial/fuse-tutorial-2018-02-04/example/rootdir", path = "/", fpath = "/home/aleks/Documents/operativos/proyecto2/fuse-tutorial/fuse-tutorial-2018-02-04/example/rootdir/"
    lstat returned 0
    si:
    st_dev = 2049
    st_ino = 138805
    st_mode = 040755
    st_nlink = 2
    st_uid = 1000
    st_gid = 1000
    st_rdev = 0
    st_size = 4096
    st_blksize = 4096
    st_blocks = 8
    st_atime = 0x5b21beeb
    st_mtime = 0x5b21beeb
    st_ctime = 0x5b21beeb

bb_readdir(path="/", buf=0xc40014f0, filler=0xd5cb8d00, offset=0, fi=0xd549bc20)
    readdir returned 0x0x7f61c4009440
calling filler with name .
calling filler with name bogus.txt
calling filler with name ..
    fi:
    flags = 0x00000000
    fh_old = 0x7f61c4009410
    writepage = 0
    direct_io = 0
    keep_cache = 0
    fh = 0x00007f61c4009410
    lock_owner = 0x0000000000000000

bb_releasedir(path="/", fi=0xd549bc30)
    fi:
    flags = 0x00000000
    fh_old = 0x7f61c4009410
    writepage = 0
    direct_io = 0
    keep_cache = 0
    fh = 0x00007f61c4009410
    lock_owner = 0x0000000000000000

bb_opendir(path="/", fi=0xd549bc20)
    bb_fullpath:  rootdir = "/home/aleks/Documents/operativos/proyecto2/fuse-tutorial/fuse-tutorial-2018-02-04/example/rootdir", path = "/", fpath = "/home/aleks/Documents/operativos/proyecto2/fuse-tutorial/fuse-tutorial-2018-02-04/example/rootdir/"
    opendir returned 0x0x7f61d0002b20
    fi:
    flags = 0x00018800
    fh_old = 0x00000000
    writepage = 0
    direct_io = 0
    keep_cache = 0
    fh = 0x00007f61d0002b20
    lock_owner = 0x0000000000000000

bb_getattr(path="/", statbuf=0xd4c9ac00)
    bb_fullpath:  rootdir = "/home/aleks/Documents/operativos/proyecto2/fuse-tutorial/fuse-tutorial-2018-02-04/example/rootdir", path = "/", fpath = "/home/aleks/Documents/operativos/proyecto2/fuse-tutorial/fuse-tutorial-2018-02-04/example/rootdir/"
    lstat returned 0
    si:
    st_dev = 2049
    st_ino = 138805
    st_mode = 040755
    st_nlink = 2
    st_uid = 1000
    st_gid = 1000
    st_rdev = 0
    st_size = 4096
    st_blksize = 4096
    st_blocks = 8
    st_atime = 0x5b21beeb
    st_mtime = 0x5b21beeb
    st_ctime = 0x5b21beeb

bb_readdir(path="/", buf=0xd0002aa0, filler=0xd5cb8d00, offset=0, fi=0xcfffec20)
    readdir returned 0x0x7f61d0002b50
calling filler with name .
calling filler with name bogus.txt
calling filler with name ..
    fi:
    flags = 0x00000000
    fh_old = 0x7f61d0002b20
    writepage = 0
    direct_io = 0
    keep_cache = 0
    fh = 0x00007f61d0002b20
    lock_owner = 0x0000000000000000

bb_releasedir(path="/", fi=0xcfffec30)
    fi:
    flags = 0x00000000
    fh_old = 0x7f61d0002b20
    writepage = 0
    direct_io = 0
    keep_cache = 0
    fh = 0x00007f61d0002b20
    lock_owner = 0x0000000000000000

bb_opendir(path="/", fi=0xcfffec20)
    bb_fullpath:  rootdir = "/home/aleks/Documents/operativos/proyecto2/fuse-tutorial/fuse-tutorial-2018-02-04/example/rootdir", path = "/", fpath = "/home/aleks/Documents/operativos/proyecto2/fuse-tutorial/fuse-tutorial-2018-02-04/example/rootdir/"
    opendir returned 0x0x7f61c4009410
    fi:
    flags = 0x00018800
    fh_old = 0x00000000
    writepage = 0
    direct_io = 0
    keep_cache = 0
    fh = 0x00007f61c4009410
    lock_owner = 0x0000000000000000

bb_getattr(path="/", statbuf=0xd4c9ac00)
    bb_fullpath:  rootdir = "/home/aleks/Documents/operativos/proyecto2/fuse-tutorial/fuse-tutorial-2018-02-04/example/rootdir", path = "/", fpath = "/home/aleks/Documents/operativos/proyecto2/fuse-tutorial/fuse-tutorial-2018-02-04/example/rootdir/"
    lstat returned 0
    si:
    st_dev = 2049
    st_ino = 138805
    st_mode = 040755
    st_nlink = 2
    st_uid = 1000
    st_gid = 1000
    st_rdev = 0
    st_size = 4096
    st_blksize = 4096
    st_blocks = 8
    st_atime = 0x5b21beeb
    st_mtime = 0x5b21beeb
    st_ctime = 0x5b21beeb

bb_readdir(path="/", buf=0xc4001570, filler=0xd5cb8d00, offset=0, fi=0xd549bc20)
    readdir returned 0x0x7f61c4009440
calling filler with name .
calling filler with name bogus.txt
calling filler with name ..
    fi:
    flags = 0x00000000
    fh_old = 0x7f61c4009410
    writepage = 0
    direct_io = 0
    keep_cache = 0
    fh = 0x00007f61c4009410
    lock_owner = 0x0000000000000000

bb_releasedir(path="/", fi=0xd549bc30)
    fi:
    flags = 0x00000000
    fh_old = 0x7f61c4009410
    writepage = 0
    direct_io = 0
    keep_cache = 0
    fh = 0x00007f61c4009410
    lock_owner = 0x0000000000000000

bb_opendir(path="/", fi=0xcfffec20)
    bb_fullpath:  rootdir = "/home/aleks/Documents/operativos/proyecto2/fuse-tutorial/fuse-tutorial-2018-02-04/example/rootdir", path = "/", fpath = "/home/aleks/Documents/operativos/proyecto2/fuse-tutorial/fuse-tutorial-2018-02-04/example/rootdir/"
    opendir returned 0x0x7f61c4009410
    fi:
    flags = 0x00018800
    fh_old = 0x00000000
    writepage = 0
    direct_io = 0
    keep_cache = 0
    fh = 0x00007f61c4009410
    lock_owner = 0x0000000000000000

bb_getattr(path="/", statbuf=0xd4c9ac00)
    bb_fullpath:  rootdir = "/home/aleks/Documents/operativos/proyecto2/fuse-tutorial/fuse-tutorial-2018-02-04/example/rootdir", path = "/", fpath = "/home/aleks/Documents/operativos/proyecto2/fuse-tutorial/fuse-tutorial-2018-02-04/example/rootdir/"
    lstat returned 0
    si:
    st_dev = 2049
    st_ino = 138805
    st_mode = 040755
    st_nlink = 2
    st_uid = 1000
    st_gid = 1000
    st_rdev = 0
    st_size = 4096
    st_blksize = 4096
    st_blocks = 8
    st_atime = 0x5b21beeb
    st_mtime = 0x5b21beeb
    st_ctime = 0x5b21beeb

bb_readdir(path="/", buf=0xc40015f0, filler=0xd5cb8d00, offset=0, fi=0xd549bc20)
    readdir returned 0x0x7f61c4009440
calling filler with name .
calling filler with name bogus.txt
calling filler with name ..
    fi:
    flags = 0x00000000
    fh_old = 0x7f61c4009410
    writepage = 0
    direct_io = 0
    keep_cache = 0
    fh = 0x00007f61c4009410
    lock_owner = 0x0000000000000000

bb_releasedir(path="/", fi=0xd549bc30)
    fi:
    flags = 0x00000000
    fh_old = 0x7f61c4009410
    writepage = 0
    direct_io = 0
    keep_cache = 0
    fh = 0x00007f61c4009410
    lock_owner = 0x0000000000000000

bb_opendir(path="/", fi=0xd549bc20)
    bb_fullpath:  rootdir = "/home/aleks/Documents/operativos/proyecto2/fuse-tutorial/fuse-tutorial-2018-02-04/example/rootdir", path = "/", fpath = "/home/aleks/Documents/operativos/proyecto2/fuse-tutorial/fuse-tutorial-2018-02-04/example/rootdir/"
    opendir returned 0x0x7f61d0002ba0
    fi:
    flags = 0x00018800
    fh_old = 0x00000000
    writepage = 0
    direct_io = 0
    keep_cache = 0
    fh = 0x00007f61d0002ba0
    lock_owner = 0x0000000000000000

bb_getattr(path="/", statbuf=0xd4c9ac00)
    bb_fullpath:  rootdir = "/home/aleks/Documents/operativos/proyecto2/fuse-tutorial/fuse-tutorial-2018-02-04/example/rootdir", path = "/", fpath = "/home/aleks/Documents/operativos/proyecto2/fuse-tutorial/fuse-tutorial-2018-02-04/example/rootdir/"
    lstat returned 0
    si:
    st_dev = 2049
    st_ino = 138805
    st_mode = 040755
    st_nlink = 2
    st_uid = 1000
    st_gid = 1000
    st_rdev = 0
    st_size = 4096
    st_blksize = 4096
    st_blocks = 8
    st_atime = 0x5b21beeb
    st_mtime = 0x5b21beeb
    st_ctime = 0x5b21beeb

bb_readdir(path="/", buf=0xd0002b20, filler=0xd5cb8d00, offset=0, fi=0xcfffec20)
    readdir returned 0x0x7f61d0002bd0
calling filler with name .
calling filler with name bogus.txt
calling filler with name ..
    fi:
    flags = 0x00000000
    fh_old = 0x7f61d0002ba0
    writepage = 0
    direct_io = 0
    keep_cache = 0
    fh = 0x00007f61d0002ba0
    lock_owner = 0x0000000000000000

bb_releasedir(path="/", fi=0xcfffec30)
    fi:
    flags = 0x00000000
    fh_old = 0x7f61d0002ba0
    writepage = 0
    direct_io = 0
    keep_cache = 0
    fh = 0x00007f61d0002ba0
    lock_owner = 0x0000000000000000

bb_opendir(path="/", fi=0xd549bc20)
    bb_fullpath:  rootdir = "/home/aleks/Documents/operativos/proyecto2/fuse-tutorial/fuse-tutorial-2018-02-04/example/rootdir", path = "/", fpath = "/home/aleks/Documents/operativos/proyecto2/fuse-tutorial/fuse-tutorial-2018-02-04/example/rootdir/"
    opendir returned 0x0x7f61d0002c20
    fi:
    flags = 0x00018800
    fh_old = 0x00000000
    writepage = 0
    direct_io = 0
    keep_cache = 0
    fh = 0x00007f61d0002c20
    lock_owner = 0x0000000000000000

bb_getattr(path="/", statbuf=0xd4c9ac00)
    bb_fullpath:  rootdir = "/home/aleks/Documents/operativos/proyecto2/fuse-tutorial/fuse-tutorial-2018-02-04/example/rootdir", path = "/", fpath = "/home/aleks/Documents/operativos/proyecto2/fuse-tutorial/fuse-tutorial-2018-02-04/example/rootdir/"
    lstat returned 0
    si:
    st_dev = 2049
    st_ino = 138805
    st_mode = 040755
    st_nlink = 2
    st_uid = 1000
    st_gid = 1000
    st_rdev = 0
    st_size = 4096
    st_blksize = 4096
    st_blocks = 8
    st_atime = 0x5b21beeb
    st_mtime = 0x5b21beeb
    st_ctime = 0x5b21beeb

bb_readdir(path="/", buf=0xd0002ba0, filler=0xd5cb8d00, offset=0, fi=0xcfffec20)
    readdir returned 0x0x7f61d0002c50
calling filler with name .
calling filler with name bogus.txt
calling filler with name ..
    fi:
    flags = 0x00000000
    fh_old = 0x7f61d0002c20
    writepage = 0
    direct_io = 0
    keep_cache = 0
    fh = 0x00007f61d0002c20
    lock_owner = 0x0000000000000000

bb_releasedir(path="/", fi=0xcfffec30)
    fi:
    flags = 0x00000000
    fh_old = 0x7f61d0002c20
    writepage = 0
    direct_io = 0
    keep_cache = 0
    fh = 0x00007f61d0002c20
    lock_owner = 0x0000000000000000

bb_opendir(path="/", fi=0xcfffec20)
    bb_fullpath:  rootdir = "/home/aleks/Documents/operativos/proyecto2/fuse-tutorial/fuse-tutorial-2018-02-04/example/rootdir", path = "/", fpath = "/home/aleks/Documents/operativos/proyecto2/fuse-tutorial/fuse-tutorial-2018-02-04/example/rootdir/"
    opendir returned 0x0x7f61c4009410
    fi:
    flags = 0x00018800
    fh_old = 0x00000000
    writepage = 0
    direct_io = 0
    keep_cache = 0
    fh = 0x00007f61c4009410
    lock_owner = 0x0000000000000000

bb_getattr(path="/", statbuf=0xd4c9ac00)
    bb_fullpath:  rootdir = "/home/aleks/Documents/operativos/proyecto2/fuse-tutorial/fuse-tutorial-2018-02-04/example/rootdir", path = "/", fpath = "/home/aleks/Documents/operativos/proyecto2/fuse-tutorial/fuse-tutorial-2018-02-04/example/rootdir/"
    lstat returned 0
    si:
    st_dev = 2049
    st_ino = 138805
    st_mode = 040755
    st_nlink = 2
    st_uid = 1000
    st_gid = 1000
    st_rdev = 0
    st_size = 4096
    st_blksize = 4096
    st_blocks = 8
    st_atime = 0x5b21beeb
    st_mtime = 0x5b21beeb
    st_ctime = 0x5b21beeb

bb_readdir(path="/", buf=0xc4001670, filler=0xd5cb8d00, offset=0, fi=0xd549bc20)
    readdir returned 0x0x7f61c4009440
calling filler with name .
calling filler with name bogus.txt
calling filler with name ..
    fi:
    flags = 0x00000000
    fh_old = 0x7f61c4009410
    writepage = 0
    direct_io = 0
    keep_cache = 0
    fh = 0x00007f61c4009410
    lock_owner = 0x0000000000000000

bb_releasedir(path="/", fi=0xd549bc30)
    fi:
    flags = 0x00000000
    fh_old = 0x7f61c4009410

bb_opendir(path="/", fi=0xcfffec20)
    bb_fullpath:  rootdir = "/home/aleks/Documents/operativos/proyecto2/fuse-tutorial/fuse-tutorial-2018-02-04/example/rootdir", path = "/", fpath = "/home/aleks/Documents/operativos/proyecto2/fuse-tutorial/fuse-tutorial-2018-02-04/example/rootdir/"
    opendir returned 0x0x7f61c4011450
    fi:
    flags = 0x00018800
    fh_old = 0x00000000
    writepage = 0
    direct_io = 0
    keep_cache = 0
    fh = 0x00007f61c4011450
    lock_owner = 0x0000000000000000
    writepage = 0
    direct_io = 0
    keep_cache = 0
    fh = 0x00007f61c4009410
    lock_owner = 0x0000000000000000

bb_getattr(path="/", statbuf=0xd4c9ac00)
    bb_fullpath:  rootdir = "/home/aleks/Documents/operativos/proyecto2/fuse-tutorial/fuse-tutorial-2018-02-04/example/rootdir", path = "/", fpath = "/home/aleks/Documents/operativos/proyecto2/fuse-tutorial/fuse-tutorial-2018-02-04/example/rootdir/"
    lstat returned 0
    si:
    st_dev = 2049
    st_ino = 138805
    st_mode = 040755
    st_nlink = 2
    st_uid = 1000
    st_gid = 1000
    st_rdev = 0
    st_size = 4096
    st_blksize = 4096
    st_blocks = 8
    st_atime = 0x5b21beeb
    st_mtime = 0x5b21beeb
    st_ctime = 0x5b21beeb

bb_readdir(path="/", buf=0xc40016f0, filler=0xd5cb8d00, offset=0, fi=0xd549bc20)
    readdir returned 0x0x7f61c4011480
calling filler with name .
calling filler with name bogus.txt
calling filler with name ..
    fi:
    flags = 0x00000000
    fh_old = 0x7f61c4011450
    writepage = 0
    direct_io = 0
    keep_cache = 0
    fh = 0x00007f61c4011450
    lock_owner = 0x0000000000000000

bb_releasedir(path="/", fi=0xd549bc30)
    fi:
    flags = 0x00000000
    fh_old = 0x7f61c4011450
    writepage = 0
    direct_io = 0
    keep_cache = 0
    fh = 0x00007f61c4011450
    lock_owner = 0x0000000000000000

bb_opendir(path="/", fi=0xcfffec20)
    bb_fullpath:  rootdir = "/home/aleks/Documents/operativos/proyecto2/fuse-tutorial/fuse-tutorial-2018-02-04/example/rootdir", path = "/", fpath = "/home/aleks/Documents/operativos/proyecto2/fuse-tutorial/fuse-tutorial-2018-02-04/example/rootdir/"
    opendir returned 0x0x7f61c4009410
    fi:
    flags = 0x00018800
    fh_old = 0x00000000
    writepage = 0
    direct_io = 0
    keep_cache = 0
    fh = 0x00007f61c4009410
    lock_owner = 0x0000000000000000

bb_getattr(path="/", statbuf=0xd4c9ac00)
    bb_fullpath:  rootdir = "/home/aleks/Documents/operativos/proyecto2/fuse-tutorial/fuse-tutorial-2018-02-04/example/rootdir", path = "/", fpath = "/home/aleks/Documents/operativos/proyecto2/fuse-tutorial/fuse-tutorial-2018-02-04/example/rootdir/"
    lstat returned 0
    si:
    st_dev = 2049
    st_ino = 138805
    st_mode = 040755
    st_nlink = 2
    st_uid = 1000
    st_gid = 1000
    st_rdev = 0
    st_size = 4096
    st_blksize = 4096
    st_blocks = 8
    st_atime = 0x5b21beeb
    st_mtime = 0x5b21beeb
    st_ctime = 0x5b21beeb

bb_readdir(path="/", buf=0xc40016f0, filler=0xd5cb8d00, offset=0, fi=0xd549bc20)
    readdir returned 0x0x7f61c4009440
calling filler with name .
calling filler with name bogus.txt
calling filler with name ..
    fi:
    flags = 0x00000000
    fh_old = 0x7f61c4009410
    writepage = 0
    direct_io = 0
    keep_cache = 0
    fh = 0x00007f61c4009410
    lock_owner = 0x0000000000000000

bb_releasedir(path="/", fi=0xcfffec30)
    fi:
    flags = 0x00000000
    fh_old = 0x7f61c4009410
    writepage = 0
    direct_io = 0
    keep_cache = 0
    fh = 0x00007f61c4009410
    lock_owner = 0x0000000000000000

bb_opendir(path="/", fi=0xcfffec20)
    bb_fullpath:  rootdir = "/home/aleks/Documents/operativos/proyecto2/fuse-tutorial/fuse-tutorial-2018-02-04/example/rootdir", path = "/", fpath = "/home/aleks/Documents/operativos/proyecto2/fuse-tutorial/fuse-tutorial-2018-02-04/example/rootdir/"
    opendir returned 0x0x7f61c4009410
    fi:
    flags = 0x00018800
    fh_old = 0x00000000
    writepage = 0
    direct_io = 0
    keep_cache = 0
    fh = 0x00007f61c4009410
    lock_owner = 0x0000000000000000

bb_getattr(path="/", statbuf=0xd4c9ac00)
    bb_fullpath:  rootdir = "/home/aleks/Documents/operativos/proyecto2/fuse-tutorial/fuse-tutorial-2018-02-04/example/rootdir", path = "/", fpath = "/home/aleks/Documents/operativos/proyecto2/fuse-tutorial/fuse-tutorial-2018-02-04/example/rootdir/"
    lstat returned 0
    si:
    st_dev = 2049
    st_ino = 138805
    st_mode = 040755
    st_nlink = 2
    st_uid = 1000
    st_gid = 1000
    st_rdev = 0
    st_size = 4096
    st_blksize = 4096
    st_blocks = 8
    st_atime = 0x5b21beeb
    st_mtime = 0x5b21beeb
    st_ctime = 0x5b21beeb

bb_readdir(path="/", buf=0xc4001670, filler=0xd5cb8d00, offset=0, fi=0xd549bc20)
    readdir returned 0x0x7f61c4009440
calling filler with name .
calling filler with name bogus.txt
calling filler with name ..
    fi:
    flags = 0x00000000
    fh_old = 0x7f61c4009410
    writepage = 0
    direct_io = 0
    keep_cache = 0
    fh = 0x00007f61c4009410
    lock_owner = 0x0000000000000000

bb_releasedir(path="/", fi=0xd549bc30)
    fi:
    flags = 0x00000000
    fh_old = 0x7f61c4009410
    writepage = 0
    direct_io = 0
    keep_cache = 0
    fh = 0x00007f61c4009410
    lock_owner = 0x0000000000000000

bb_opendir(path="/", fi=0xd549bc20)
    bb_fullpath:  rootdir = "/home/aleks/Documents/operativos/proyecto2/fuse-tutorial/fuse-tutorial-2018-02-04/example/rootdir", path = "/", fpath = "/home/aleks/Documents/operativos/proyecto2/fuse-tutorial/fuse-tutorial-2018-02-04/example/rootdir/"
    opendir returned 0x0x7f61d00030b0
    fi:
    flags = 0x00018800
    fh_old = 0x00000000
    writepage = 0
    direct_io = 0
    keep_cache = 0
    fh = 0x00007f61d00030b0
    lock_owner = 0x0000000000000000

bb_getattr(path="/", statbuf=0xd4c9ac00)
    bb_fullpath:  rootdir = "/home/aleks/Documents/operativos/proyecto2/fuse-tutorial/fuse-tutorial-2018-02-04/example/rootdir", path = "/", fpath = "/home/aleks/Documents/operativos/proyecto2/fuse-tutorial/fuse-tutorial-2018-02-04/example/rootdir/"
    lstat returned 0
    si:
    st_dev = 2049
    st_ino = 138805
    st_mode = 040755
    st_nlink = 2
    st_uid = 1000
    st_gid = 1000
    st_rdev = 0
    st_size = 4096
    st_blksize = 4096
    st_blocks = 8
    st_atime = 0x5b21beeb
    st_mtime = 0x5b21beeb
    st_ctime = 0x5b21beeb

bb_readdir(path="/", buf=0xd0003030, filler=0xd5cb8d00, offset=0, fi=0xcfffec20)
    readdir returned 0x0x7f61d00030e0
calling filler with name .
calling filler with name bogus.txt
calling filler with name ..
    fi:
    flags = 0x00000000
    fh_old = 0x7f61d00030b0
    writepage = 0
    direct_io = 0
    keep_cache = 0
    fh = 0x00007f61d00030b0
    lock_owner = 0x0000000000000000

bb_releasedir(path="/", fi=0xcfffec30)
    fi:
    flags = 0x00000000
    fh_old = 0x7f61d00030b0
    writepage = 0
    direct_io = 0
    keep_cache = 0
    fh = 0x00007f61d00030b0
    lock_owner = 0x0000000000000000

bb_opendir(path="/", fi=0xcfffec20)
    bb_fullpath:  rootdir = "/home/aleks/Documents/operativos/proyecto2/fuse-tutorial/fuse-tutorial-2018-02-04/example/rootdir", path = "/", fpath = "/home/aleks/Documents/operativos/proyecto2/fuse-tutorial/fuse-tutorial-2018-02-04/example/rootdir/"
    opendir returned 0x0x7f61c4009410
    fi:
    flags = 0x00018800
    fh_old = 0x00000000
    writepage = 0
    direct_io = 0
    keep_cache = 0
    fh = 0x00007f61c4009410
    lock_owner = 0x0000000000000000

bb_getattr(path="/", statbuf=0xd4c9ac00)
    bb_fullpath:  rootdir = "/home/aleks/Documents/operativos/proyecto2/fuse-tutorial/fuse-tutorial-2018-02-04/example/rootdir", path = "/", fpath = "/home/aleks/Documents/operativos/proyecto2/fuse-tutorial/fuse-tutorial-2018-02-04/example/rootdir/"
    lstat returned 0
    si:
    st_dev = 2049
    st_ino = 138805
    st_mode = 040755
    st_nlink = 2
    st_uid = 1000
    st_gid = 1000
    st_rdev = 0
    st_size = 4096
    st_blksize = 4096
    st_blocks = 8
    st_atime = 0x5b21beeb
    st_mtime = 0x5b21beeb
    st_ctime = 0x5b21beeb

bb_readdir(path="/", buf=0xc4001670, filler=0xd5cb8d00, offset=0, fi=0xd549bc20)
    readdir returned 0x0x7f61c4009440
calling filler with name .
calling filler with name bogus.txt
calling filler with name ..
    fi:
    flags = 0x00000000
    fh_old = 0x7f61c4009410
    writepage = 0
    direct_io = 0
    keep_cache = 0
    fh = 0x00007f61c4009410
    lock_owner = 0x0000000000000000

bb_releasedir(path="/", fi=0xd549bc30)
    fi:
    flags = 0x00000000
    fh_old = 0x7f61c4009410
    writepage = 0
    direct_io = 0
    keep_cache = 0
    fh = 0x00007f61c4009410
    lock_owner = 0x0000000000000000

bb_opendir(path="/", fi=0xd549bc20)
    bb_fullpath:  rootdir = "/home/aleks/Documents/operativos/proyecto2/fuse-tutorial/fuse-tutorial-2018-02-04/example/rootdir", path = "/", fpath = "/home/aleks/Documents/operativos/proyecto2/fuse-tutorial/fuse-tutorial-2018-02-04/example/rootdir/"
    opendir returned 0x0x7f61d0003130
    fi:
    flags = 0x00018800
    fh_old = 0x00000000
    writepage = 0
    direct_io = 0
    keep_cache = 0
    fh = 0x00007f61d0003130
    lock_owner = 0x0000000000000000

bb_getattr(path="/", statbuf=0xcfffec00)
    bb_fullpath:  rootdir = "/home/aleks/Documents/operativos/proyecto2/fuse-tutorial/fuse-tutorial-2018-02-04/example/rootdir", path = "/", fpath = "/home/aleks/Documents/operativos/proyecto2/fuse-tutorial/fuse-tutorial-2018-02-04/example/rootdir/"
    lstat returned 0
    si:
    st_dev = 2049
    st_ino = 138805
    st_mode = 040755
    st_nlink = 2
    st_uid = 1000
    st_gid = 1000
    st_rdev = 0
    st_size = 4096
    st_blksize = 4096
    st_blocks = 8
    st_atime = 0x5b21beeb
    st_mtime = 0x5b21beeb
    st_ctime = 0x5b21beeb

bb_readdir(path="/", buf=0xd00030b0, filler=0xd5cb8d00, offset=0, fi=0xd4c9ac20)
    readdir returned 0x0x7f61d0003160
calling filler with name .
calling filler with name bogus.txt
calling filler with name ..
    fi:
    flags = 0x00000000
    fh_old = 0x7f61d0003130
    writepage = 0
    direct_io = 0
    keep_cache = 0
    fh = 0x00007f61d0003130
    lock_owner = 0x0000000000000000

bb_releasedir(path="/", fi=0xd4c9ac30)
    fi:
    flags = 0x00000000
    fh_old = 0x7f61d0003130
    writepage = 0
    direct_io = 0
    keep_cache = 0
    fh = 0x00007f61d0003130
    lock_owner = 0x0000000000000000

bb_opendir(path="/", fi=0xd549bc20)
    bb_fullpath:  rootdir = "/home/aleks/Documents/operativos/proyecto2/fuse-tutorial/fuse-tutorial-2018-02-04/example/rootdir", path = "/", fpath = "/home/aleks/Documents/operativos/proyecto2/fuse-tutorial/fuse-tutorial-2018-02-04/example/rootdir/"
    opendir returned 0x0x7f61d00031b0
    fi:
    flags = 0x00018800
    fh_old = 0x00000000
    writepage = 0
    direct_io = 0
    keep_cache = 0
    fh = 0x00007f61d00031b0
    lock_owner = 0x0000000000000000

bb_getattr(path="/", statbuf=0xcfffec00)
    bb_fullpath:  rootdir = "/home/aleks/Documents/operativos/proyecto2/fuse-tutorial/fuse-tutorial-2018-02-04/example/rootdir", path = "/", fpath = "/home/aleks/Documents/operativos/proyecto2/fuse-tutorial/fuse-tutorial-2018-02-04/example/rootdir/"
    lstat returned 0
    si:
    st_dev = 2049
    st_ino = 138805
    st_mode = 040755
    st_nlink = 2
    st_uid = 1000
    st_gid = 1000
    st_rdev = 0
    st_size = 4096
    st_blksize = 4096
    st_blocks = 8
    st_atime = 0x5b21beeb
    st_mtime = 0x5b21beeb
    st_ctime = 0x5b21beeb

bb_readdir(path="/", buf=0xd0003130, filler=0xd5cb8d00, offset=0, fi=0xd4c9ac20)
    readdir returned 0x0x7f61d00031e0
calling filler with name .
calling filler with name bogus.txt
calling filler with name ..
    fi:
    flags = 0x00000000
    fh_old = 0x7f61d00031b0
    writepage = 0
    direct_io = 0
    keep_cache = 0
    fh = 0x00007f61d00031b0
    lock_owner = 0x0000000000000000

bb_releasedir(path="/", fi=0xd4c9ac30)
    fi:
    flags = 0x00000000
    fh_old = 0x7f61d00031b0
    writepage = 0
    direct_io = 0
    keep_cache = 0
    fh = 0x00007f61d00031b0
    lock_owner = 0x0000000000000000

bb_getattr(path="/autorun.inf", statbuf=0xd4c9ac30)
    bb_fullpath:  rootdir = "/home/aleks/Documents/operativos/proyecto2/fuse-tutorial/fuse-tutorial-2018-02-04/example/rootdir", path = "/autorun.inf", fpath = "/home/aleks/Documents/operativos/proyecto2/fuse-tutorial/fuse-tutorial-2018-02-04/example/rootdir/autorun.inf"
    lstat returned -1
    ERROR lstat: No such file or directory
    si:
    st_dev = 0
    st_ino = 0
    st_mode = 00
    st_nlink = 0
    st_uid = 0
    st_gid = 0
    st_rdev = 0
    st_size = 0
    st_blksize = 0
    st_blocks = 0
    st_atime = 0x00000000
    st_mtime = 0x00000000
    st_ctime = 0x00000000

bb_getattr(path="/", statbuf=0xd4c9ac00)
    bb_fullpath:  rootdir = "/home/aleks/Documents/operativos/proyecto2/fuse-tutorial/fuse-tutorial-2018-02-04/example/rootdir", path = "/", fpath = "/home/aleks/Documents/operativos/proyecto2/fuse-tutorial/fuse-tutorial-2018-02-04/example/rootdir/"
    lstat returned 0
    si:
    st_dev = 2049
    st_ino = 138805
    st_mode = 040755
    st_nlink = 2
    st_uid = 1000
    st_gid = 1000
    st_rdev = 0
    st_size = 4096
    st_blksize = 4096
    st_blocks = 8
    st_atime = 0x5b21beeb
    st_mtime = 0x5b21beeb
    st_ctime = 0x5b21beeb

bb_getattr(path="/", statbuf=0xcfffec00)
    bb_fullpath:  rootdir = "/home/aleks/Documents/operativos/proyecto2/fuse-tutorial/fuse-tutorial-2018-02-04/example/rootdir", path = "/", fpath = "/home/aleks/Documents/operativos/proyecto2/fuse-tutorial/fuse-tutorial-2018-02-04/example/rootdir/"
    lstat returned 0
    si:
    st_dev = 2049
    st_ino = 138805
    st_mode = 040755
    st_nlink = 2
    st_uid = 1000
    st_gid = 1000
    st_rdev = 0
    st_size = 4096
    st_blksize = 4096
    st_blocks = 8
    st_atime = 0x5b21beeb
    st_mtime = 0x5b21beeb
    st_ctime = 0x5b21beeb

bb_getxattr(path = "/", name = "security.selinux", value = 0xd0001df0, size = 255)
    bb_fullpath:  rootdir = "/home/aleks/Documents/operativos/proyecto2/fuse-tutorial/fuse-tutorial-2018-02-04/example/rootdir", path = "/", fpath = "/home/aleks/Documents/operativos/proyecto2/fuse-tutorial/fuse-tutorial-2018-02-04/example/rootdir/"
    lgetxattr returned -1
    ERROR lgetxattr: No data available

bb_getxattr(path = "/", name = "system.posix_acl_access", value = 0x00000000, size = 0)
    bb_fullpath:  rootdir = "/home/aleks/Documents/operativos/proyecto2/fuse-tutorial/fuse-tutorial-2018-02-04/example/rootdir", path = "/", fpath = "/home/aleks/Documents/operativos/proyecto2/fuse-tutorial/fuse-tutorial-2018-02-04/example/rootdir/"
    lgetxattr returned -1
    ERROR lgetxattr: No data available

bb_getxattr(path = "/", name = "system.posix_acl_default", value = 0x00000000, size = 0)
    bb_fullpath:  rootdir = "/home/aleks/Documents/operativos/proyecto2/fuse-tutorial/fuse-tutorial-2018-02-04/example/rootdir", path = "/", fpath = "/home/aleks/Documents/operativos/proyecto2/fuse-tutorial/fuse-tutorial-2018-02-04/example/rootdir/"
    lgetxattr returned -1
    ERROR lgetxattr: No data available

bb_opendir(path="/", fi=0xd549bc20)
    bb_fullpath:  rootdir = "/home/aleks/Documents/operativos/proyecto2/fuse-tutorial/fuse-tutorial-2018-02-04/example/rootdir", path = "/", fpath = "/home/aleks/Documents/operativos/proyecto2/fuse-tutorial/fuse-tutorial-2018-02-04/example/rootdir/"
    opendir returned 0x0x7f61d0003340
    fi:
    flags = 0x00018800
    fh_old = 0x00000000
    writepage = 0
    direct_io = 0
    keep_cache = 0
    fh = 0x00007f61d0003340
    lock_owner = 0x0000000000000000

bb_readdir(path="/", buf=0xd00032c0, filler=0xd5cb8d00, offset=0, fi=0xd4c9ac20)
    readdir returned 0x0x7f61d0003370
calling filler with name .
calling filler with name bogus.txt
calling filler with name ..
    fi:
    flags = 0x00000000
    fh_old = 0x7f61d0003340
    writepage = 0
    direct_io = 0
    keep_cache = 0
    fh = 0x00007f61d0003340
    lock_owner = 0x0000000000000000

bb_getattr(path="/bogus.txt", statbuf=0xcfffec30)
    bb_fullpath:  rootdir = "/home/aleks/Documents/operativos/proyecto2/fuse-tutorial/fuse-tutorial-2018-02-04/example/rootdir", path = "/bogus.txt", fpath = "/home/aleks/Documents/operativos/proyecto2/fuse-tutorial/fuse-tutorial-2018-02-04/example/rootdir/bogus.txt"
    lstat returned 0
    si:
    st_dev = 2049
    st_ino = 138806
    st_mode = 0100644
    st_nlink = 1
    st_uid = 1000
    st_gid = 1000
    st_rdev = 0
    st_size = 11
    st_blksize = 4096
    st_blocks = 8
    st_atime = 0x5b21beee
    st_mtime = 0x5b21beeb
    st_ctime = 0x5b21beeb

bb_getxattr(path = "/bogus.txt", name = "security.selinux", value = 0xd0001df0, size = 255)
    bb_fullpath:  rootdir = "/home/aleks/Documents/operativos/proyecto2/fuse-tutorial/fuse-tutorial-2018-02-04/example/rootdir", path = "/bogus.txt", fpath = "/home/aleks/Documents/operativos/proyecto2/fuse-tutorial/fuse-tutorial-2018-02-04/example/rootdir/bogus.txt"
    lgetxattr returned -1
    ERROR lgetxattr: No data available

bb_getxattr(path = "/bogus.txt", name = "system.posix_acl_access", value = 0x00000000, size = 0)
    bb_fullpath:  rootdir = "/home/aleks/Documents/operativos/proyecto2/fuse-tutorial/fuse-tutorial-2018-02-04/example/rootdir", path = "/bogus.txt", fpath = "/home/aleks/Documents/operativos/proyecto2/fuse-tutorial/fuse-tutorial-2018-02-04/example/rootdir/bogus.txt"
    lgetxattr returned -1
    ERROR lgetxattr: No data available

bb_releasedir(path="/", fi=0xd549bc30)
    fi:
    flags = 0x00000000
    fh_old = 0x7f61d0003340
    writepage = 0
    direct_io = 0
    keep_cache = 0
    fh = 0x00007f61d0003340
    lock_owner = 0x0000000000000000

bb_getattr(path="/", statbuf=0xd4c9ac00)
    bb_fullpath:  rootdir = "/home/aleks/Documents/operativos/proyecto2/fuse-tutorial/fuse-tutorial-2018-02-04/example/rootdir", path = "/", fpath = "/home/aleks/Documents/operativos/proyecto2/fuse-tutorial/fuse-tutorial-2018-02-04/example/rootdir/"
    lstat returned 0
    si:
    st_dev = 2049
    st_ino = 138805
    st_mode = 040755
    st_nlink = 2
    st_uid = 1000
    st_gid = 1000
    st_rdev = 0
    st_size = 4096
    st_blksize = 4096
    st_blocks = 8
    st_atime = 0x5b21beeb
    st_mtime = 0x5b21beeb
    st_ctime = 0x5b21beeb

bb_getattr(path="/", statbuf=0xcfffec00)
    bb_fullpath:  rootdir = "/home/aleks/Documents/operativos/proyecto2/fuse-tutorial/fuse-tutorial-2018-02-04/example/rootdir", path = "/", fpath = "/home/aleks/Documents/operativos/proyecto2/fuse-tutorial/fuse-tutorial-2018-02-04/example/rootdir/"
    lstat returned 0
    si:
    st_dev = 2049
    st_ino = 138805
    st_mode = 040755
    st_nlink = 2
    st_uid = 1000
    st_gid = 1000
    st_rdev = 0
    st_size = 4096
    st_blksize = 4096
    st_blocks = 8
    st_atime = 0x5b21beeb
    st_mtime = 0x5b21beeb
    st_ctime = 0x5b21beeb

bb_access(path="/", mask=04)
    bb_fullpath:  rootdir = "/home/aleks/Documents/operativos/proyecto2/fuse-tutorial/fuse-tutorial-2018-02-04/example/rootdir", path = "/", fpath = "/home/aleks/Documents/operativos/proyecto2/fuse-tutorial/fuse-tutorial-2018-02-04/example/rootdir/"

bb_access(path="/", mask=02)
    bb_fullpath:  rootdir = "/home/aleks/Documents/operativos/proyecto2/fuse-tutorial/fuse-tutorial-2018-02-04/example/rootdir", path = "/", fpath = "/home/aleks/Documents/operativos/proyecto2/fuse-tutorial/fuse-tutorial-2018-02-04/example/rootdir/"

bb_access(path="/", mask=01)
    bb_fullpath:  rootdir = "/home/aleks/Documents/operativos/proyecto2/fuse-tutorial/fuse-tutorial-2018-02-04/example/rootdir", path = "/", fpath = "/home/aleks/Documents/operativos/proyecto2/fuse-tutorial/fuse-tutorial-2018-02-04/example/rootdir/"

bb_getattr(path="/", statbuf=0xd549bc00)
    bb_fullpath:  rootdir = "/home/aleks/Documents/operativos/proyecto2/fuse-tutorial/fuse-tutorial-2018-02-04/example/rootdir", path = "/", fpath = "/home/aleks/Documents/operativos/proyecto2/fuse-tutorial/fuse-tutorial-2018-02-04/example/rootdir/"
    lstat returned 0
    si:
    st_dev = 2049
    st_ino = 138805
    st_mode = 040755
    st_nlink = 2
    st_uid = 1000
    st_gid = 1000
    st_rdev = 0
    st_size = 4096
    st_blksize = 4096
    st_blocks = 8
    st_atime = 0x5b21beeb
    st_mtime = 0x5b21beeb
    st_ctime = 0x5b21beeb

bb_opendir(path="/", fi=0xd4c9ac20)
    bb_fullpath:  rootdir = "/home/aleks/Documents/operativos/proyecto2/fuse-tutorial/fuse-tutorial-2018-02-04/example/rootdir", path = "/", fpath = "/home/aleks/Documents/operativos/proyecto2/fuse-tutorial/fuse-tutorial-2018-02-04/example/rootdir/"
    opendir returned 0x0x7f61c8009530
    fi:
    flags = 0x00018800
    fh_old = 0x00000000
    writepage = 0
    direct_io = 0
    keep_cache = 0
    fh = 0x00007f61c8009530
    lock_owner = 0x0000000000000000

bb_access(path="/", mask=02)
    bb_fullpath:  rootdir = "/home/aleks/Documents/operativos/proyecto2/fuse-tutorial/fuse-tutorial-2018-02-04/example/rootdir", path = "/", fpath = "/home/aleks/Documents/operativos/proyecto2/fuse-tutorial/fuse-tutorial-2018-02-04/example/rootdir/"

bb_getattr(path="/.Trash", statbuf=0xd549bc30)
    bb_fullpath:  rootdir = "/home/aleks/Documents/operativos/proyecto2/fuse-tutorial/fuse-tutorial-2018-02-04/example/rootdir", path = "/.Trash", fpath = "/home/aleks/Documents/operativos/proyecto2/fuse-tutorial/fuse-tutorial-2018-02-04/example/rootdir/.Trash"
    lstat returned -1
    ERROR lstat: No such file or directory
    si:
    st_dev = 0
    st_ino = 0
    st_mode = 00
    st_nlink = 0
    st_uid = 0
    st_gid = 0
    st_rdev = 0
    st_size = 0
    st_blksize = 0
    st_blocks = 0
    st_atime = 0x00000000
    st_mtime = 0x00000000
    st_ctime = 0x00000000

bb_getattr(path="/.Trash-1000", statbuf=0xd4c9ac30)
    bb_fullpath:  rootdir = "/home/aleks/Documents/operativos/proyecto2/fuse-tutorial/fuse-tutorial-2018-02-04/example/rootdir", path = "/.Trash-1000", fpath = "/home/aleks/Documents/operativos/proyecto2/fuse-tutorial/fuse-tutorial-2018-02-04/example/rootdir/.Trash-1000"
    lstat returned -1
    ERROR lstat: No such file or directory
    si:
    st_dev = 0
    st_ino = 0
    st_mode = 00
    st_nlink = 0
    st_uid = 0
    st_gid = 0
    st_rdev = 0
    st_size = 0
    st_blksize = 0
    st_blocks = 0
    st_atime = 0x00000000
    st_mtime = 0x00000000
    st_ctime = 0x00000000

bb_access(path="/", mask=02)
    bb_fullpath:  rootdir = "/home/aleks/Documents/operativos/proyecto2/fuse-tutorial/fuse-tutorial-2018-02-04/example/rootdir", path = "/", fpath = "/home/aleks/Documents/operativos/proyecto2/fuse-tutorial/fuse-tutorial-2018-02-04/example/rootdir/"

bb_readdir(path="/", buf=0xc80010c0, filler=0xd5cb8d00, offset=0, fi=0xd549bc20)
    readdir returned 0x0x7f61c8009560
calling filler with name .
calling filler with name bogus.txt
calling filler with name ..
    fi:
    flags = 0x00000000
    fh_old = 0x7f61c8009530
    writepage = 0
    direct_io = 0
    keep_cache = 0
    fh = 0x00007f61c8009530
    lock_owner = 0x0000000000000000

bb_getattr(path="/bogus.txt", statbuf=0xcfffec30)
    bb_fullpath:  rootdir = "/home/aleks/Documents/operativos/proyecto2/fuse-tutorial/fuse-tutorial-2018-02-04/example/rootdir", path = "/bogus.txt", fpath = "/home/aleks/Documents/operativos/proyecto2/fuse-tutorial/fuse-tutorial-2018-02-04/example/rootdir/bogus.txt"
    lstat returned 0
    si:
    st_dev = 2049
    st_ino = 138806
    st_mode = 0100644
    st_nlink = 1
    st_uid = 1000
    st_gid = 1000
    st_rdev = 0
    st_size = 11
    st_blksize = 4096
    st_blocks = 8
    st_atime = 0x5b21beee
    st_mtime = 0x5b21beeb
    st_ctime = 0x5b21beeb

bb_getattr(path="/.hidden", statbuf=0xd549bc30)
    bb_fullpath:  rootdir = "/home/aleks/Documents/operativos/proyecto2/fuse-tutorial/fuse-tutorial-2018-02-04/example/rootdir", path = "/.hidden", fpath = "/home/aleks/Documents/operativos/proyecto2/fuse-tutorial/fuse-tutorial-2018-02-04/example/rootdir/.hidden"
    lstat returned -1
    ERROR lstat: No such file or directory
    si:
    st_dev = 0
    st_ino = 0
    st_mode = 00
    st_nlink = 0
    st_uid = 0
    st_gid = 0
    st_rdev = 0
    st_size = 0
    st_blksize = 0
    st_blocks = 0
    st_atime = 0x00000000
    st_mtime = 0x00000000
    st_ctime = 0x00000000

bb_access(path="/bogus.txt", mask=04)
    bb_fullpath:  rootdir = "/home/aleks/Documents/operativos/proyecto2/fuse-tutorial/fuse-tutorial-2018-02-04/example/rootdir", path = "/bogus.txt", fpath = "/home/aleks/Documents/operativos/proyecto2/fuse-tutorial/fuse-tutorial-2018-02-04/example/rootdir/bogus.txt"

bb_access(path="/bogus.txt", mask=02)
    bb_fullpath:  rootdir = "/home/aleks/Documents/operativos/proyecto2/fuse-tutorial/fuse-tutorial-2018-02-04/example/rootdir", path = "/bogus.txt", fpath = "/home/aleks/Documents/operativos/proyecto2/fuse-tutorial/fuse-tutorial-2018-02-04/example/rootdir/bogus.txt"

bb_access(path="/bogus.txt", mask=01)
    bb_fullpath:  rootdir = "/home/aleks/Documents/operativos/proyecto2/fuse-tutorial/fuse-tutorial-2018-02-04/example/rootdir", path = "/bogus.txt", fpath = "/home/aleks/Documents/operativos/proyecto2/fuse-tutorial/fuse-tutorial-2018-02-04/example/rootdir/bogus.txt"
    ERROR bb_access access: Permission denied

bb_getattr(path="/", statbuf=0xd4c9ac00)
    bb_fullpath:  rootdir = "/home/aleks/Documents/operativos/proyecto2/fuse-tutorial/fuse-tutorial-2018-02-04/example/rootdir", path = "/", fpath = "/home/aleks/Documents/operativos/proyecto2/fuse-tutorial/fuse-tutorial-2018-02-04/example/rootdir/"
    lstat returned 0
    si:
    st_dev = 2049
    st_ino = 138805
    st_mode = 040755
    st_nlink = 2
    st_uid = 1000
    st_gid = 1000
    st_rdev = 0
    st_size = 4096
    st_blksize = 4096
    st_blocks = 8
    st_atime = 0x5b21beeb
    st_mtime = 0x5b21beeb
    st_ctime = 0x5b21beeb

bb_releasedir(path="/", fi=0xd549bc30)
    fi:
    flags = 0x00000000
    fh_old = 0x7f61c8009530
    writepage = 0
    direct_io = 0
    keep_cache = 0
    fh = 0x00007f61c8009530
    lock_owner = 0x0000000000000000

bb_getattr(path="/", statbuf=0xd4c9ac00)
    bb_fullpath:  rootdir = "/home/aleks/Documents/operativos/proyecto2/fuse-tutorial/fuse-tutorial-2018-02-04/example/rootdir", path = "/", fpath = "/home/aleks/Documents/operativos/proyecto2/fuse-tutorial/fuse-tutorial-2018-02-04/example/rootdir/"
    lstat returned 0
    si:
    st_dev = 2049
    st_ino = 138805
    st_mode = 040755
    st_nlink = 2
    st_uid = 1000
    st_gid = 1000
    st_rdev = 0
    st_size = 4096
    st_blksize = 4096
    st_blocks = 8
    st_atime = 0x5b21beeb
    st_mtime = 0x5b21beeb
    st_ctime = 0x5b21beeb

bb_getattr(path="/", statbuf=0xcfffec00)
    bb_fullpath:  rootdir = "/home/aleks/Documents/operativos/proyecto2/fuse-tutorial/fuse-tutorial-2018-02-04/example/rootdir", path = "/", fpath = "/home/aleks/Documents/operativos/proyecto2/fuse-tutorial/fuse-tutorial-2018-02-04/example/rootdir/"
    lstat returned 0
    si:
    st_dev = 2049
    st_ino = 138805
    st_mode = 040755
    st_nlink = 2
    st_uid = 1000
    st_gid = 1000
    st_rdev = 0
    st_size = 4096
    st_blksize = 4096
    st_blocks = 8
    st_atime = 0x5b21beeb
    st_mtime = 0x5b21beeb
    st_ctime = 0x5b21beeb

bb_access(path="/", mask=04)
    bb_fullpath:  rootdir = "/home/aleks/Documents/operativos/proyecto2/fuse-tutorial/fuse-tutorial-2018-02-04/example/rootdir", path = "/", fpath = "/home/aleks/Documents/operativos/proyecto2/fuse-tutorial/fuse-tutorial-2018-02-04/example/rootdir/"

bb_access(path="/", mask=02)
    bb_fullpath:  rootdir = "/home/aleks/Documents/operativos/proyecto2/fuse-tutorial/fuse-tutorial-2018-02-04/example/rootdir", path = "/", fpath = "/home/aleks/Documents/operativos/proyecto2/fuse-tutorial/fuse-tutorial-2018-02-04/example/rootdir/"

bb_access(path="/", mask=01)
    bb_fullpath:  rootdir = "/home/aleks/Documents/operativos/proyecto2/fuse-tutorial/fuse-tutorial-2018-02-04/example/rootdir", path = "/", fpath = "/home/aleks/Documents/operativos/proyecto2/fuse-tutorial/fuse-tutorial-2018-02-04/example/rootdir/"

bb_getattr(path="/", statbuf=0xd549bc00)
    bb_fullpath:  rootdir = "/home/aleks/Documents/operativos/proyecto2/fuse-tutorial/fuse-tutorial-2018-02-04/example/rootdir", path = "/", fpath = "/home/aleks/Documents/operativos/proyecto2/fuse-tutorial/fuse-tutorial-2018-02-04/example/rootdir/"
    lstat returned 0
    si:
    st_dev = 2049
    st_ino = 138805
    st_mode = 040755
    st_nlink = 2
    st_uid = 1000
    st_gid = 1000
    st_rdev = 0
    st_size = 4096
    st_blksize = 4096
    st_blocks = 8
    st_atime = 0x5b21beeb
    st_mtime = 0x5b21beeb
    st_ctime = 0x5b21beeb

bb_access(path="/", mask=04)
    bb_fullpath:  rootdir = "/home/aleks/Documents/operativos/proyecto2/fuse-tutorial/fuse-tutorial-2018-02-04/example/rootdir", path = "/", fpath = "/home/aleks/Documents/operativos/proyecto2/fuse-tutorial/fuse-tutorial-2018-02-04/example/rootdir/"

bb_access(path="/", mask=02)
    bb_fullpath:  rootdir = "/home/aleks/Documents/operativos/proyecto2/fuse-tutorial/fuse-tutorial-2018-02-04/example/rootdir", path = "/", fpath = "/home/aleks/Documents/operativos/proyecto2/fuse-tutorial/fuse-tutorial-2018-02-04/example/rootdir/"

bb_access(path="/", mask=01)
    bb_fullpath:  rootdir = "/home/aleks/Documents/operativos/proyecto2/fuse-tutorial/fuse-tutorial-2018-02-04/example/rootdir", path = "/", fpath = "/home/aleks/Documents/operativos/proyecto2/fuse-tutorial/fuse-tutorial-2018-02-04/example/rootdir/"

bb_getattr(path="/.git", statbuf=0xd4c9ac30)
    bb_fullpath:  rootdir = "/home/aleks/Documents/operativos/proyecto2/fuse-tutorial/fuse-tutorial-2018-02-04/example/rootdir", path = "/.git", fpath = "/home/aleks/Documents/operativos/proyecto2/fuse-tutorial/fuse-tutorial-2018-02-04/example/rootdir/.git"
    lstat returned -1
    ERROR lstat: No such file or directory
    si:
    st_dev = 0
    st_ino = 0
    st_mode = 00
    st_nlink = 0
    st_uid = 0
    st_gid = 0
    st_rdev = 0
    st_size = 0
    st_blksize = 0
    st_blocks = 0
    st_atime = 0x00000000
    st_mtime = 0x00000000
    st_ctime = 0x00000000

bb_getattr(path="/.git", statbuf=0xcfffec30)
    bb_fullpath:  rootdir = "/home/aleks/Documents/operativos/proyecto2/fuse-tutorial/fuse-tutorial-2018-02-04/example/rootdir", path = "/.git", fpath = "/home/aleks/Documents/operativos/proyecto2/fuse-tutorial/fuse-tutorial-2018-02-04/example/rootdir/.git"
    lstat returned -1
    ERROR lstat: No such file or directory
    si:
    st_dev = 0
    st_ino = 0
    st_mode = 00
    st_nlink = 0
    st_uid = 0
    st_gid = 0
    st_rdev = 0
    st_size = 0
    st_blksize = 0
    st_blocks = 0
    st_atime = 0x00000000
    st_mtime = 0x00000000
    st_ctime = 0x00000000

bb_opendir(path="/", fi=0xd549bc20)
    bb_fullpath:  rootdir = "/home/aleks/Documents/operativos/proyecto2/fuse-tutorial/fuse-tutorial-2018-02-04/example/rootdir", path = "/", fpath = "/home/aleks/Documents/operativos/proyecto2/fuse-tutorial/fuse-tutorial-2018-02-04/example/rootdir/"
    opendir returned 0x0x7f61d0003340
    fi:
    flags = 0x00018800
    fh_old = 0x00000000
    writepage = 0
    direct_io = 0
    keep_cache = 0
    fh = 0x00007f61d0003340
    lock_owner = 0x0000000000000000

bb_getattr(path="/", statbuf=0xd4c9ac00)
    bb_fullpath:  rootdir = "/home/aleks/Documents/operativos/proyecto2/fuse-tutorial/fuse-tutorial-2018-02-04/example/rootdir", path = "/", fpath = "/home/aleks/Documents/operativos/proyecto2/fuse-tutorial/fuse-tutorial-2018-02-04/example/rootdir/"
    lstat returned 0
    si:
    st_dev = 2049
    st_ino = 138805
    st_mode = 040755
    st_nlink = 2
    st_uid = 1000
    st_gid = 1000
    st_rdev = 0
    st_size = 4096
    st_blksize = 4096
    st_blocks = 8
    st_atime = 0x5b21beeb
    st_mtime = 0x5b21beeb
    st_ctime = 0x5b21beeb

bb_readdir(path="/", buf=0xd00032c0, filler=0xd5cb8d00, offset=0, fi=0xcfffec20)
    readdir returned 0x0x7f61d0003370
calling filler with name .
calling filler with name bogus.txt
calling filler with name ..
    fi:
    flags = 0x00000000
    fh_old = 0x7f61d0003340
    writepage = 0
    direct_io = 0
    keep_cache = 0
    fh = 0x00007f61d0003340
    lock_owner = 0x0000000000000000

bb_getattr(path="/bogus.txt", statbuf=0xd549bc30)
    bb_fullpath:  rootdir = "/home/aleks/Documents/operativos/proyecto2/fuse-tutorial/fuse-tutorial-2018-02-04/example/rootdir", path = "/bogus.txt", fpath = "/home/aleks/Documents/operativos/proyecto2/fuse-tutorial/fuse-tutorial-2018-02-04/example/rootdir/bogus.txt"
    lstat returned 0
    si:
    st_dev = 2049
    st_ino = 138806
    st_mode = 0100644
    st_nlink = 1
    st_uid = 1000
    st_gid = 1000
    st_rdev = 0
    st_size = 11
    st_blksize = 4096
    st_blocks = 8
    st_atime = 0x5b21beee
    st_mtime = 0x5b21beeb
    st_ctime = 0x5b21beeb

bb_getattr(path="/.gitignore", statbuf=0xd4c9ac30)
    bb_fullpath:  rootdir = "/home/aleks/Documents/operativos/proyecto2/fuse-tutorial/fuse-tutorial-2018-02-04/example/rootdir", path = "/.gitignore", fpath = "/home/aleks/Documents/operativos/proyecto2/fuse-tutorial/fuse-tutorial-2018-02-04/example/rootdir/.gitignore"
    lstat returned -1
    ERROR lstat: No such file or directory
    si:
    st_dev = 0
    st_ino = 0
    st_mode = 00
    st_nlink = 0
    st_uid = 0
    st_gid = 0
    st_rdev = 0
    st_size = 0
    st_blksize = 0
    st_blocks = 0
    st_atime = 0x00000000
    st_mtime = 0x00000000
    st_ctime = 0x00000000

bb_releasedir(path="/", fi=0xd549bc30)
    fi:
    flags = 0x00000000
    fh_old = 0x7f61d0003340
    writepage = 0
    direct_io = 0
    keep_cache = 0
    fh = 0x00007f61d0003340
    lock_owner = 0x0000000000000000

bb_getattr(path="/", statbuf=0xd4c9ac00)
    bb_fullpath:  rootdir = "/home/aleks/Documents/operativos/proyecto2/fuse-tutorial/fuse-tutorial-2018-02-04/example/rootdir", path = "/", fpath = "/home/aleks/Documents/operativos/proyecto2/fuse-tutorial/fuse-tutorial-2018-02-04/example/rootdir/"
    lstat returned 0
    si:
    st_dev = 2049
    st_ino = 138805
    st_mode = 040755
    st_nlink = 2
    st_uid = 1000
    st_gid = 1000
    st_rdev = 0
    st_size = 4096
    st_blksize = 4096
    st_blocks = 8
    st_atime = 0x5b21beeb
    st_mtime = 0x5b21beeb
    st_ctime = 0x5b21beeb

bb_getattr(path="/.git", statbuf=0xcfffec30)
    bb_fullpath:  rootdir = "/home/aleks/Documents/operativos/proyecto2/fuse-tutorial/fuse-tutorial-2018-02-04/example/rootdir", path = "/.git", fpath = "/home/aleks/Documents/operativos/proyecto2/fuse-tutorial/fuse-tutorial-2018-02-04/example/rootdir/.git"
    lstat returned -1
    ERROR lstat: No such file or directory
    si:
    st_dev = 0
    st_ino = 0
    st_mode = 00
    st_nlink = 0
    st_uid = 0
    st_gid = 0
    st_rdev = 0
    st_size = 0
    st_blksize = 0
    st_blocks = 0
    st_atime = 0x00000000
    st_mtime = 0x00000000
    st_ctime = 0x00000000

bb_getattr(path="/.git", statbuf=0xd549bc30)
    bb_fullpath:  rootdir = "/home/aleks/Documents/operativos/proyecto2/fuse-tutorial/fuse-tutorial-2018-02-04/example/rootdir", path = "/.git", fpath = "/home/aleks/Documents/operativos/proyecto2/fuse-tutorial/fuse-tutorial-2018-02-04/example/rootdir/.git"
    lstat returned -1
    ERROR lstat: No such file or directory
    si:
    st_dev = 0
    st_ino = 0
    st_mode = 00
    st_nlink = 0
    st_uid = 0
    st_gid = 0
    st_rdev = 0
    st_size = 0
    st_blksize = 0
    st_blocks = 0
    st_atime = 0x00000000
    st_mtime = 0x00000000
    st_ctime = 0x00000000

bb_opendir(path="/", fi=0xd4c9ac20)
    bb_fullpath:  rootdir = "/home/aleks/Documents/operativos/proyecto2/fuse-tutorial/fuse-tutorial-2018-02-04/example/rootdir", path = "/", fpath = "/home/aleks/Documents/operativos/proyecto2/fuse-tutorial/fuse-tutorial-2018-02-04/example/rootdir/"
    opendir returned 0x0x7f61c8009530
    fi:
    flags = 0x00018800
    fh_old = 0x00000000
    writepage = 0
    direct_io = 0
    keep_cache = 0
    fh = 0x00007f61c8009530
    lock_owner = 0x0000000000000000

bb_getattr(path="/", statbuf=0xcfffec00)
    bb_fullpath:  rootdir = "/home/aleks/Documents/operativos/proyecto2/fuse-tutorial/fuse-tutorial-2018-02-04/example/rootdir", path = "/", fpath = "/home/aleks/Documents/operativos/proyecto2/fuse-tutorial/fuse-tutorial-2018-02-04/example/rootdir/"
    lstat returned 0
    si:
    st_dev = 2049
    st_ino = 138805
    st_mode = 040755
    st_nlink = 2
    st_uid = 1000
    st_gid = 1000
    st_rdev = 0
    st_size = 4096
    st_blksize = 4096
    st_blocks = 8
    st_atime = 0x5b21beeb
    st_mtime = 0x5b21beeb
    st_ctime = 0x5b21beeb

bb_readdir(path="/", buf=0xc80010c0, filler=0xd5cb8d00, offset=0, fi=0xd549bc20)
    readdir returned 0x0x7f61c8009560
calling filler with name .
calling filler with name bogus.txt
calling filler with name ..
    fi:
    flags = 0x00000000
    fh_old = 0x7f61c8009530
    writepage = 0
    direct_io = 0
    keep_cache = 0
    fh = 0x00007f61c8009530
    lock_owner = 0x0000000000000000

bb_getattr(path="/bogus.txt", statbuf=0xd4c9ac30)
    bb_fullpath:  rootdir = "/home/aleks/Documents/operativos/proyecto2/fuse-tutorial/fuse-tutorial-2018-02-04/example/rootdir", path = "/bogus.txt", fpath = "/home/aleks/Documents/operativos/proyecto2/fuse-tutorial/fuse-tutorial-2018-02-04/example/rootdir/bogus.txt"
    lstat returned 0
    si:
    st_dev = 2049
    st_ino = 138806
    st_mode = 0100644
    st_nlink = 1
    st_uid = 1000
    st_gid = 1000
    st_rdev = 0
    st_size = 11
    st_blksize = 4096
    st_blocks = 8
    st_atime = 0x5b21beee
    st_mtime = 0x5b21beeb
    st_ctime = 0x5b21beeb

bb_getattr(path="/.gitignore", statbuf=0xcfffec30)
    bb_fullpath:  rootdir = "/home/aleks/Documents/operativos/proyecto2/fuse-tutorial/fuse-tutorial-2018-02-04/example/rootdir", path = "/.gitignore", fpath = "/home/aleks/Documents/operativos/proyecto2/fuse-tutorial/fuse-tutorial-2018-02-04/example/rootdir/.gitignore"
    lstat returned -1
    ERROR lstat: No such file or directory
    si:
    st_dev = 0
    st_ino = 0
    st_mode = 00
    st_nlink = 0
    st_uid = 0
    st_gid = 0
    st_rdev = 0
    st_size = 0
    st_blksize = 0
    st_blocks = 0
    st_atime = 0x00000000
    st_mtime = 0x00000000
    st_ctime = 0x00000000

bb_releasedir(path="/", fi=0xd4c9ac30)
    fi:
    flags = 0x00000000
    fh_old = 0x7f61c8009530
    writepage = 0
    direct_io = 0
    keep_cache = 0
    fh = 0x00007f61c8009530
    lock_owner = 0x0000000000000000

bb_getattr(path="/", statbuf=0xcfffec00)
    bb_fullpath:  rootdir = "/home/aleks/Documents/operativos/proyecto2/fuse-tutorial/fuse-tutorial-2018-02-04/example/rootdir", path = "/", fpath = "/home/aleks/Documents/operativos/proyecto2/fuse-tutorial/fuse-tutorial-2018-02-04/example/rootdir/"
    lstat returned 0
    si:
    st_dev = 2049
    st_ino = 138805
    st_mode = 040755
    st_nlink = 2
    st_uid = 1000
    st_gid = 1000
    st_rdev = 0
    st_size = 4096
    st_blksize = 4096
    st_blocks = 8
    st_atime = 0x5b21beeb
    st_mtime = 0x5b21beeb
    st_ctime = 0x5b21beeb

bb_getattr(path="/.git", statbuf=0xd549bc30)
    bb_fullpath:  rootdir = "/home/aleks/Documents/operativos/proyecto2/fuse-tutorial/fuse-tutorial-2018-02-04/example/rootdir", path = "/.git", fpath = "/home/aleks/Documents/operativos/proyecto2/fuse-tutorial/fuse-tutorial-2018-02-04/example/rootdir/.git"
    lstat returned -1
    ERROR lstat: No such file or directory
    si:
    st_dev = 0
    st_ino = 0
    st_mode = 00
    st_nlink = 0
    st_uid = 0
    st_gid = 0
    st_rdev = 0
    st_size = 0
    st_blksize = 0
    st_blocks = 0
    st_atime = 0x00000000
    st_mtime = 0x00000000
    st_ctime = 0x00000000

bb_getattr(path="/.git", statbuf=0xd4c9ac30)
    bb_fullpath:  rootdir = "/home/aleks/Documents/operativos/proyecto2/fuse-tutorial/fuse-tutorial-2018-02-04/example/rootdir", path = "/.git", fpath = "/home/aleks/Documents/operativos/proyecto2/fuse-tutorial/fuse-tutorial-2018-02-04/example/rootdir/.git"
    lstat returned -1
    ERROR lstat: No such file or directory
    si:
    st_dev = 0
    st_ino = 0
    st_mode = 00
    st_nlink = 0
    st_uid = 0
    st_gid = 0
    st_rdev = 0
    st_size = 0
    st_blksize = 0
    st_blocks = 0
    st_atime = 0x00000000
    st_mtime = 0x00000000
    st_ctime = 0x00000000

bb_opendir(path="/", fi=0xcfffec20)
    bb_fullpath:  rootdir = "/home/aleks/Documents/operativos/proyecto2/fuse-tutorial/fuse-tutorial-2018-02-04/example/rootdir", path = "/", fpath = "/home/aleks/Documents/operativos/proyecto2/fuse-tutorial/fuse-tutorial-2018-02-04/example/rootdir/"
    opendir returned 0x0x7f61c4009410
    fi:
    flags = 0x00018800
    fh_old = 0x00000000
    writepage = 0
    direct_io = 0
    keep_cache = 0
    fh = 0x00007f61c4009410
    lock_owner = 0x0000000000000000

bb_getattr(path="/", statbuf=0xd549bc00)
    bb_fullpath:  rootdir = "/home/aleks/Documents/operativos/proyecto2/fuse-tutorial/fuse-tutorial-2018-02-04/example/rootdir", path = "/", fpath = "/home/aleks/Documents/operativos/proyecto2/fuse-tutorial/fuse-tutorial-2018-02-04/example/rootdir/"
    lstat returned 0
    si:
    st_dev = 2049
    st_ino = 138805
    st_mode = 040755
    st_nlink = 2
    st_uid = 1000
    st_gid = 1000
    st_rdev = 0
    st_size = 4096
    st_blksize = 4096
    st_blocks = 8
    st_atime = 0x5b21beeb
    st_mtime = 0x5b21beeb
    st_ctime = 0x5b21beeb

bb_readdir(path="/", buf=0xc4001670, filler=0xd5cb8d00, offset=0, fi=0xd4c9ac20)
    readdir returned 0x0x7f61c4009440
calling filler with name .
calling filler with name bogus.txt
calling filler with name ..
    fi:
    flags = 0x00000000
    fh_old = 0x7f61c4009410
    writepage = 0
    direct_io = 0
    keep_cache = 0
    fh = 0x00007f61c4009410
    lock_owner = 0x0000000000000000

bb_getattr(path="/bogus.txt", statbuf=0xcfffec30)
    bb_fullpath:  rootdir = "/home/aleks/Documents/operativos/proyecto2/fuse-tutorial/fuse-tutorial-2018-02-04/example/rootdir", path = "/bogus.txt", fpath = "/home/aleks/Documents/operativos/proyecto2/fuse-tutorial/fuse-tutorial-2018-02-04/example/rootdir/bogus.txt"
    lstat returned 0
    si:
    st_dev = 2049
    st_ino = 138806
    st_mode = 0100644
    st_nlink = 1
    st_uid = 1000
    st_gid = 1000
    st_rdev = 0
    st_size = 11
    st_blksize = 4096
    st_blocks = 8
    st_atime = 0x5b21beee
    st_mtime = 0x5b21beeb
    st_ctime = 0x5b21beeb

bb_getattr(path="/.gitignore", statbuf=0xd549bc30)
    bb_fullpath:  rootdir = "/home/aleks/Documents/operativos/proyecto2/fuse-tutorial/fuse-tutorial-2018-02-04/example/rootdir", path = "/.gitignore", fpath = "/home/aleks/Documents/operativos/proyecto2/fuse-tutorial/fuse-tutorial-2018-02-04/example/rootdir/.gitignore"
    lstat returned -1
    ERROR lstat: No such file or directory
    si:
    st_dev = 0
    st_ino = 0
    st_mode = 00
    st_nlink = 0
    st_uid = 0
    st_gid = 0
    st_rdev = 0
    st_size = 0
    st_blksize = 0
    st_blocks = 0
    st_atime = 0x00000000
    st_mtime = 0x00000000
    st_ctime = 0x00000000

bb_releasedir(path="/", fi=0xcfffec30)
    fi:
    flags = 0x00000000
    fh_old = 0x7f61c4009410
    writepage = 0
    direct_io = 0
    keep_cache = 0
    fh = 0x00007f61c4009410
    lock_owner = 0x0000000000000000

bb_getattr(path="/", statbuf=0xd549bc00)
    bb_fullpath:  rootdir = "/home/aleks/Documents/operativos/proyecto2/fuse-tutorial/fuse-tutorial-2018-02-04/example/rootdir", path = "/", fpath = "/home/aleks/Documents/operativos/proyecto2/fuse-tutorial/fuse-tutorial-2018-02-04/example/rootdir/"
    lstat returned 0
    si:
    st_dev = 2049
    st_ino = 138805
    st_mode = 040755
    st_nlink = 2
    st_uid = 1000
    st_gid = 1000
    st_rdev = 0
    st_size = 4096
    st_blksize = 4096
    st_blocks = 8
    st_atime = 0x5b21beeb
    st_mtime = 0x5b21beeb
    st_ctime = 0x5b21beeb

bb_getattr(path="/.git", statbuf=0xd4c9ac30)
    bb_fullpath:  rootdir = "/home/aleks/Documents/operativos/proyecto2/fuse-tutorial/fuse-tutorial-2018-02-04/example/rootdir", path = "/.git", fpath = "/home/aleks/Documents/operativos/proyecto2/fuse-tutorial/fuse-tutorial-2018-02-04/example/rootdir/.git"
    lstat returned -1
    ERROR lstat: No such file or directory
    si:
    st_dev = 0
    st_ino = 0
    st_mode = 00
    st_nlink = 0
    st_uid = 0
    st_gid = 0
    st_rdev = 0
    st_size = 0
    st_blksize = 0
    st_blocks = 0
    st_atime = 0x00000000
    st_mtime = 0x00000000
    st_ctime = 0x00000000

bb_getattr(path="/.git", statbuf=0xcfffec30)
    bb_fullpath:  rootdir = "/home/aleks/Documents/operativos/proyecto2/fuse-tutorial/fuse-tutorial-2018-02-04/example/rootdir", path = "/.git", fpath = "/home/aleks/Documents/operativos/proyecto2/fuse-tutorial/fuse-tutorial-2018-02-04/example/rootdir/.git"
    lstat returned -1
    ERROR lstat: No such file or directory
    si:
    st_dev = 0
    st_ino = 0
    st_mode = 00
    st_nlink = 0
    st_uid = 0
    st_gid = 0
    st_rdev = 0
    st_size = 0
    st_blksize = 0
    st_blocks = 0
    st_atime = 0x00000000
    st_mtime = 0x00000000
    st_ctime = 0x00000000

bb_opendir(path="/", fi=0xd549bc20)
    bb_fullpath:  rootdir = "/home/aleks/Documents/operativos/proyecto2/fuse-tutorial/fuse-tutorial-2018-02-04/example/rootdir", path = "/", fpath = "/home/aleks/Documents/operativos/proyecto2/fuse-tutorial/fuse-tutorial-2018-02-04/example/rootdir/"
    opendir returned 0x0x7f61d0003340
    fi:
    flags = 0x00018800
    fh_old = 0x00000000
    writepage = 0
    direct_io = 0
    keep_cache = 0
    fh = 0x00007f61d0003340
    lock_owner = 0x0000000000000000

bb_getattr(path="/", statbuf=0xd4c9ac00)
    bb_fullpath:  rootdir = "/home/aleks/Documents/operativos/proyecto2/fuse-tutorial/fuse-tutorial-2018-02-04/example/rootdir", path = "/", fpath = "/home/aleks/Documents/operativos/proyecto2/fuse-tutorial/fuse-tutorial-2018-02-04/example/rootdir/"
    lstat returned 0
    si:
    st_dev = 2049
    st_ino = 138805
    st_mode = 040755
    st_nlink = 2
    st_uid = 1000
    st_gid = 1000
    st_rdev = 0
    st_size = 4096
    st_blksize = 4096
    st_blocks = 8
    st_atime = 0x5b21beeb
    st_mtime = 0x5b21beeb
    st_ctime = 0x5b21beeb

bb_readdir(path="/", buf=0xd00032c0, filler=0xd5cb8d00, offset=0, fi=0xcfffec20)
    readdir returned 0x0x7f61d0003370
calling filler with name .
calling filler with name bogus.txt
calling filler with name ..
    fi:
    flags = 0x00000000
    fh_old = 0x7f61d0003340
    writepage = 0
    direct_io = 0
    keep_cache = 0
    fh = 0x00007f61d0003340
    lock_owner = 0x0000000000000000

bb_getattr(path="/bogus.txt", statbuf=0xd549bc30)
    bb_fullpath:  rootdir = "/home/aleks/Documents/operativos/proyecto2/fuse-tutorial/fuse-tutorial-2018-02-04/example/rootdir", path = "/bogus.txt", fpath = "/home/aleks/Documents/operativos/proyecto2/fuse-tutorial/fuse-tutorial-2018-02-04/example/rootdir/bogus.txt"
    lstat returned 0
    si:
    st_dev = 2049
    st_ino = 138806
    st_mode = 0100644
    st_nlink = 1
    st_uid = 1000
    st_gid = 1000
    st_rdev = 0
    st_size = 11
    st_blksize = 4096
    st_blocks = 8
    st_atime = 0x5b21beee
    st_mtime = 0x5b21beeb
    st_ctime = 0x5b21beeb

bb_getattr(path="/.gitignore", statbuf=0xd4c9ac30)
    bb_fullpath:  rootdir = "/home/aleks/Documents/operativos/proyecto2/fuse-tutorial/fuse-tutorial-2018-02-04/example/rootdir", path = "/.gitignore", fpath = "/home/aleks/Documents/operativos/proyecto2/fuse-tutorial/fuse-tutorial-2018-02-04/example/rootdir/.gitignore"
    lstat returned -1
    ERROR lstat: No such file or directory
    si:
    st_dev = 0
    st_ino = 0
    st_mode = 00
    st_nlink = 0
    st_uid = 0
    st_gid = 0
    st_rdev = 0
    st_size = 0
    st_blksize = 0
    st_blocks = 0
    st_atime = 0x00000000
    st_mtime = 0x00000000
    st_ctime = 0x00000000

bb_releasedir(path="/", fi=0xd549bc30)
    fi:
    flags = 0x00000000
    fh_old = 0x7f61d0003340
    writepage = 0
    direct_io = 0
    keep_cache = 0
    fh = 0x00007f61d0003340
    lock_owner = 0x0000000000000000

bb_getattr(path="/", statbuf=0xd4c9ac00)
    bb_fullpath:  rootdir = "/home/aleks/Documents/operativos/proyecto2/fuse-tutorial/fuse-tutorial-2018-02-04/example/rootdir", path = "/", fpath = "/home/aleks/Documents/operativos/proyecto2/fuse-tutorial/fuse-tutorial-2018-02-04/example/rootdir/"
    lstat returned 0
    si:
    st_dev = 2049
    st_ino = 138805
    st_mode = 040755
    st_nlink = 2
    st_uid = 1000
    st_gid = 1000
    st_rdev = 0
    st_size = 4096
    st_blksize = 4096
    st_blocks = 8
    st_atime = 0x5b21beeb
    st_mtime = 0x5b21beeb
    st_ctime = 0x5b21beeb

bb_getattr(path="/.git", statbuf=0xcfffec30)
    bb_fullpath:  rootdir = "/home/aleks/Documents/operativos/proyecto2/fuse-tutorial/fuse-tutorial-2018-02-04/example/rootdir", path = "/.git", fpath = "/home/aleks/Documents/operativos/proyecto2/fuse-tutorial/fuse-tutorial-2018-02-04/example/rootdir/.git"
    lstat returned -1
    ERROR lstat: No such file or directory
    si:
    st_dev = 0
    st_ino = 0
    st_mode = 00
    st_nlink = 0
    st_uid = 0
    st_gid = 0
    st_rdev = 0
    st_size = 0
    st_blksize = 0
    st_blocks = 0
    st_atime = 0x00000000
    st_mtime = 0x00000000
    st_ctime = 0x00000000

bb_getattr(path="/.git", statbuf=0xd549bc30)
    bb_fullpath:  rootdir = "/home/aleks/Documents/operativos/proyecto2/fuse-tutorial/fuse-tutorial-2018-02-04/example/rootdir", path = "/.git", fpath = "/home/aleks/Documents/operativos/proyecto2/fuse-tutorial/fuse-tutorial-2018-02-04/example/rootdir/.git"
    lstat returned -1
    ERROR lstat: No such file or directory
    si:
    st_dev = 0
    st_ino = 0
    st_mode = 00
    st_nlink = 0
    st_uid = 0
    st_gid = 0
    st_rdev = 0
    st_size = 0
    st_blksize = 0
    st_blocks = 0
    st_atime = 0x00000000
    st_mtime = 0x00000000
    st_ctime = 0x00000000

bb_opendir(path="/", fi=0xd4c9ac20)
    bb_fullpath:  rootdir = "/home/aleks/Documents/operativos/proyecto2/fuse-tutorial/fuse-tutorial-2018-02-04/example/rootdir", path = "/", fpath = "/home/aleks/Documents/operativos/proyecto2/fuse-tutorial/fuse-tutorial-2018-02-04/example/rootdir/"
    opendir returned 0x0x7f61c8009530
    fi:
    flags = 0x00018800
    fh_old = 0x00000000
    writepage = 0
    direct_io = 0
    keep_cache = 0
    fh = 0x00007f61c8009530
    lock_owner = 0x0000000000000000

bb_getattr(path="/", statbuf=0xcfffec00)
    bb_fullpath:  rootdir = "/home/aleks/Documents/operativos/proyecto2/fuse-tutorial/fuse-tutorial-2018-02-04/example/rootdir", path = "/", fpath = "/home/aleks/Documents/operativos/proyecto2/fuse-tutorial/fuse-tutorial-2018-02-04/example/rootdir/"
    lstat returned 0
    si:
    st_dev = 2049
    st_ino = 138805
    st_mode = 040755
    st_nlink = 2
    st_uid = 1000
    st_gid = 1000
    st_rdev = 0
    st_size = 4096
    st_blksize = 4096
    st_blocks = 8
    st_atime = 0x5b21beeb
    st_mtime = 0x5b21beeb
    st_ctime = 0x5b21beeb

bb_readdir(path="/", buf=0xc8001140, filler=0xd5cb8d00, offset=0, fi=0xd549bc20)
    readdir returned 0x0x7f61c8009560
calling filler with name .
calling filler with name bogus.txt
calling filler with name ..
    fi:
    flags = 0x00000000
    fh_old = 0x7f61c8009530
    writepage = 0
    direct_io = 0
    keep_cache = 0
    fh = 0x00007f61c8009530
    lock_owner = 0x0000000000000000

bb_getattr(path="/bogus.txt", statbuf=0xd4c9ac30)
    bb_fullpath:  rootdir = "/home/aleks/Documents/operativos/proyecto2/fuse-tutorial/fuse-tutorial-2018-02-04/example/rootdir", path = "/bogus.txt", fpath = "/home/aleks/Documents/operativos/proyecto2/fuse-tutorial/fuse-tutorial-2018-02-04/example/rootdir/bogus.txt"
    lstat returned 0
    si:
    st_dev = 2049
    st_ino = 138806
    st_mode = 0100644
    st_nlink = 1
    st_uid = 1000
    st_gid = 1000
    st_rdev = 0
    st_size = 11
    st_blksize = 4096
    st_blocks = 8
    st_atime = 0x5b21beee
    st_mtime = 0x5b21beeb
    st_ctime = 0x5b21beeb

bb_getattr(path="/.gitignore", statbuf=0xcfffec30)
    bb_fullpath:  rootdir = "/home/aleks/Documents/operativos/proyecto2/fuse-tutorial/fuse-tutorial-2018-02-04/example/rootdir", path = "/.gitignore", fpath = "/home/aleks/Documents/operativos/proyecto2/fuse-tutorial/fuse-tutorial-2018-02-04/example/rootdir/.gitignore"
    lstat returned -1
    ERROR lstat: No such file or directory
    si:
    st_dev = 0
    st_ino = 0
    st_mode = 00
    st_nlink = 0
    st_uid = 0
    st_gid = 0
    st_rdev = 0
    st_size = 0
    st_blksize = 0
    st_blocks = 0
    st_atime = 0x00000000
    st_mtime = 0x00000000
    st_ctime = 0x00000000

bb_releasedir(path="/", fi=0xd4c9ac30)
    fi:
    flags = 0x00000000
    fh_old = 0x7f61c8009530
    writepage = 0
    direct_io = 0
    keep_cache = 0
    fh = 0x00007f61c8009530
    lock_owner = 0x0000000000000000

bb_getattr(path="/", statbuf=0xcfffec00)
    bb_fullpath:  rootdir = "/home/aleks/Documents/operativos/proyecto2/fuse-tutorial/fuse-tutorial-2018-02-04/example/rootdir", path = "/", fpath = "/home/aleks/Documents/operativos/proyecto2/fuse-tutorial/fuse-tutorial-2018-02-04/example/rootdir/"
    lstat returned 0
    si:
    st_dev = 2049
    st_ino = 138805
    st_mode = 040755
    st_nlink = 2
    st_uid = 1000
    st_gid = 1000
    st_rdev = 0
    st_size = 4096
    st_blksize = 4096
    st_blocks = 8
    st_atime = 0x5b21beeb
    st_mtime = 0x5b21beeb
    st_ctime = 0x5b21beeb

bb_getattr(path="/", statbuf=0xd549bc00)
    bb_fullpath:  rootdir = "/home/aleks/Documents/operativos/proyecto2/fuse-tutorial/fuse-tutorial-2018-02-04/example/rootdir", path = "/", fpath = "/home/aleks/Documents/operativos/proyecto2/fuse-tutorial/fuse-tutorial-2018-02-04/example/rootdir/"
    lstat returned 0
    si:
    st_dev = 2049
    st_ino = 138805
    st_mode = 040755
    st_nlink = 2
    st_uid = 1000
    st_gid = 1000
    st_rdev = 0
    st_size = 4096
    st_blksize = 4096
    st_blocks = 8
    st_atime = 0x5b21beeb
    st_mtime = 0x5b21beeb
    st_ctime = 0x5b21beeb

bb_getattr(path="/.git", statbuf=0xd4c9ac30)
    bb_fullpath:  rootdir = "/home/aleks/Documents/operativos/proyecto2/fuse-tutorial/fuse-tutorial-2018-02-04/example/rootdir", path = "/.git", fpath = "/home/aleks/Documents/operativos/proyecto2/fuse-tutorial/fuse-tutorial-2018-02-04/example/rootdir/.git"
    lstat returned -1
    ERROR lstat: No such file or directory
    si:
    st_dev = 0
    st_ino = 0
    st_mode = 00
    st_nlink = 0
    st_uid = 0
    st_gid = 0
    st_rdev = 0
    st_size = 0
    st_blksize = 0
    st_blocks = 0
    st_atime = 0x00000000
    st_mtime = 0x00000000
    st_ctime = 0x00000000

bb_getattr(path="/.git", statbuf=0xcfffec30)
    bb_fullpath:  rootdir = "/home/aleks/Documents/operativos/proyecto2/fuse-tutorial/fuse-tutorial-2018-02-04/example/rootdir", path = "/.git", fpath = "/home/aleks/Documents/operativos/proyecto2/fuse-tutorial/fuse-tutorial-2018-02-04/example/rootdir/.git"
    lstat returned -1
    ERROR lstat: No such file or directory
    si:
    st_dev = 0
    st_ino = 0
    st_mode = 00
    st_nlink = 0
    st_uid = 0
    st_gid = 0
    st_rdev = 0
    st_size = 0
    st_blksize = 0
    st_blocks = 0
    st_atime = 0x00000000
    st_mtime = 0x00000000
    st_ctime = 0x00000000

bb_opendir(path="/", fi=0xd549bc20)
    bb_fullpath:  rootdir = "/home/aleks/Documents/operativos/proyecto2/fuse-tutorial/fuse-tutorial-2018-02-04/example/rootdir", path = "/", fpath = "/home/aleks/Documents/operativos/proyecto2/fuse-tutorial/fuse-tutorial-2018-02-04/example/rootdir/"
    opendir returned 0x0x7f61d0003340
    fi:
    flags = 0x00018800
    fh_old = 0x00000000
    writepage = 0
    direct_io = 0
    keep_cache = 0
    fh = 0x00007f61d0003340
    lock_owner = 0x0000000000000000

bb_readdir(path="/", buf=0xd00032c0, filler=0xd5cb8d00, offset=0, fi=0xd4c9ac20)
    readdir returned 0x0x7f61d0003370
calling filler with name .
calling filler with name bogus.txt
calling filler with name ..
    fi:
    flags = 0x00000000
    fh_old = 0x7f61d0003340
    writepage = 0
    direct_io = 0
    keep_cache = 0
    fh = 0x00007f61d0003340
    lock_owner = 0x0000000000000000

bb_getattr(path="/bogus.txt", statbuf=0xcfffec30)
    bb_fullpath:  rootdir = "/home/aleks/Documents/operativos/proyecto2/fuse-tutorial/fuse-tutorial-2018-02-04/example/rootdir", path = "/bogus.txt", fpath = "/home/aleks/Documents/operativos/proyecto2/fuse-tutorial/fuse-tutorial-2018-02-04/example/rootdir/bogus.txt"
    lstat returned 0
    si:
    st_dev = 2049
    st_ino = 138806
    st_mode = 0100644
    st_nlink = 1
    st_uid = 1000
    st_gid = 1000
    st_rdev = 0
    st_size = 11
    st_blksize = 4096
    st_blocks = 8
    st_atime = 0x5b21beee
    st_mtime = 0x5b21beeb
    st_ctime = 0x5b21beeb

bb_getattr(path="/.gitignore", statbuf=0xd549bc30)
    bb_fullpath:  rootdir = "/home/aleks/Documents/operativos/proyecto2/fuse-tutorial/fuse-tutorial-2018-02-04/example/rootdir", path = "/.gitignore", fpath = "/home/aleks/Documents/operativos/proyecto2/fuse-tutorial/fuse-tutorial-2018-02-04/example/rootdir/.gitignore"
    lstat returned -1
    ERROR lstat: No such file or directory
    si:
    st_dev = 0
    st_ino = 0
    st_mode = 00
    st_nlink = 0
    st_uid = 0
    st_gid = 0
    st_rdev = 0
    st_size = 0
    st_blksize = 0
    st_blocks = 0
    st_atime = 0x00000000
    st_mtime = 0x00000000
    st_ctime = 0x00000000

bb_releasedir(path="/", fi=0xcfffec30)
    fi:
    flags = 0x00000000
    fh_old = 0x7f61d0003340
    writepage = 0
    direct_io = 0
    keep_cache = 0
    fh = 0x00007f61d0003340
    lock_owner = 0x0000000000000000

bb_opendir(path="/", fi=0xd549bc20)
    bb_fullpath:  rootdir = "/home/aleks/Documents/operativos/proyecto2/fuse-tutorial/fuse-tutorial-2018-02-04/example/rootdir", path = "/", fpath = "/home/aleks/Documents/operativos/proyecto2/fuse-tutorial/fuse-tutorial-2018-02-04/example/rootdir/"
    opendir returned 0x0x7f61d0003340
    fi:
    flags = 0x00018800
    fh_old = 0x00000000
    writepage = 0
    direct_io = 0
    keep_cache = 0
    fh = 0x00007f61d0003340
    lock_owner = 0x0000000000000000

bb_getattr(path="/", statbuf=0xd4c9ac00)
    bb_fullpath:  rootdir = "/home/aleks/Documents/operativos/proyecto2/fuse-tutorial/fuse-tutorial-2018-02-04/example/rootdir", path = "/", fpath = "/home/aleks/Documents/operativos/proyecto2/fuse-tutorial/fuse-tutorial-2018-02-04/example/rootdir/"
    lstat returned 0
    si:
    st_dev = 2049
    st_ino = 138805
    st_mode = 040755
    st_nlink = 2
    st_uid = 1000
    st_gid = 1000
    st_rdev = 0
    st_size = 4096
    st_blksize = 4096
    st_blocks = 8
    st_atime = 0x5b21beeb
    st_mtime = 0x5b21beeb
    st_ctime = 0x5b21beeb

bb_readdir(path="/", buf=0xd00032c0, filler=0xd5cb8d00, offset=0, fi=0xcfffec20)
    readdir returned 0x0x7f61d0003370
calling filler with name .
calling filler with name bogus.txt
calling filler with name ..
    fi:
    flags = 0x00000000
    fh_old = 0x7f61d0003340
    writepage = 0
    direct_io = 0
    keep_cache = 0
    fh = 0x00007f61d0003340
    lock_owner = 0x0000000000000000

bb_releasedir(path="/", fi=0xd4c9ac30)
    fi:
    flags = 0x00000000
    fh_old = 0x7f61d0003340
    writepage = 0
    direct_io = 0
    keep_cache = 0
    fh = 0x00007f61d0003340
    lock_owner = 0x0000000000000000

bb_getattr(path="/bogus.txt", statbuf=0xcfffec30)
    bb_fullpath:  rootdir = "/home/aleks/Documents/operativos/proyecto2/fuse-tutorial/fuse-tutorial-2018-02-04/example/rootdir", path = "/bogus.txt", fpath = "/home/aleks/Documents/operativos/proyecto2/fuse-tutorial/fuse-tutorial-2018-02-04/example/rootdir/bogus.txt"
    lstat returned 0
    si:
    st_dev = 2049
    st_ino = 138806
    st_mode = 0100644
    st_nlink = 1
    st_uid = 1000
    st_gid = 1000
    st_rdev = 0
    st_size = 11
    st_blksize = 4096
    st_blocks = 8
    st_atime = 0x5b21beee
    st_mtime = 0x5b21beeb
    st_ctime = 0x5b21beeb

bb_getattr(path="/", statbuf=0xd549bc00)
    bb_fullpath:  rootdir = "/home/aleks/Documents/operativos/proyecto2/fuse-tutorial/fuse-tutorial-2018-02-04/example/rootdir", path = "/", fpath = "/home/aleks/Documents/operativos/proyecto2/fuse-tutorial/fuse-tutorial-2018-02-04/example/rootdir/"
    lstat returned 0
    si:
    st_dev = 2049
    st_ino = 138805
    st_mode = 040755
    st_nlink = 2
    st_uid = 1000
    st_gid = 1000
    st_rdev = 0
    st_size = 4096
    st_blksize = 4096
    st_blocks = 8
    st_atime = 0x5b21beeb
    st_mtime = 0x5b21beeb
    st_ctime = 0x5b21beeb

bb_getattr(path="/.git", statbuf=0xd4c9ac30)
    bb_fullpath:  rootdir = "/home/aleks/Documents/operativos/proyecto2/fuse-tutorial/fuse-tutorial-2018-02-04/example/rootdir", path = "/.git", fpath = "/home/aleks/Documents/operativos/proyecto2/fuse-tutorial/fuse-tutorial-2018-02-04/example/rootdir/.git"
    lstat returned -1
    ERROR lstat: No such file or directory
    si:
    st_dev = 0
    st_ino = 0
    st_mode = 00
    st_nlink = 0
    st_uid = 0
    st_gid = 0
    st_rdev = 0
    st_size = 0
    st_blksize = 0
    st_blocks = 0
    st_atime = 0x00000000
    st_mtime = 0x00000000
    st_ctime = 0x00000000

bb_getattr(path="/.git", statbuf=0xcfffec30)
    bb_fullpath:  rootdir = "/home/aleks/Documents/operativos/proyecto2/fuse-tutorial/fuse-tutorial-2018-02-04/example/rootdir", path = "/.git", fpath = "/home/aleks/Documents/operativos/proyecto2/fuse-tutorial/fuse-tutorial-2018-02-04/example/rootdir/.git"
    lstat returned -1
    ERROR lstat: No such file or directory
    si:
    st_dev = 0
    st_ino = 0
    st_mode = 00
    st_nlink = 0
    st_uid = 0
    st_gid = 0
    st_rdev = 0
    st_size = 0
    st_blksize = 0
    st_blocks = 0
    st_atime = 0x00000000
    st_mtime = 0x00000000
    st_ctime = 0x00000000

bb_opendir(path="/", fi=0xd549bc20)
    bb_fullpath:  rootdir = "/home/aleks/Documents/operativos/proyecto2/fuse-tutorial/fuse-tutorial-2018-02-04/example/rootdir", path = "/", fpath = "/home/aleks/Documents/operativos/proyecto2/fuse-tutorial/fuse-tutorial-2018-02-04/example/rootdir/"
    opendir returned 0x0x7f61d0003340
    fi:
    flags = 0x00018800
    fh_old = 0x00000000
    writepage = 0
    direct_io = 0
    keep_cache = 0
    fh = 0x00007f61d0003340
    lock_owner = 0x0000000000000000

bb_readdir(path="/", buf=0xd00032c0, filler=0xd5cb8d00, offset=0, fi=0xd4c9ac20)
    readdir returned 0x0x7f61d0003370
calling filler with name .
calling filler with name bogus.txt
calling filler with name ..
    fi:
    flags = 0x00000000
    fh_old = 0x7f61d0003340
    writepage = 0
    direct_io = 0
    keep_cache = 0
    fh = 0x00007f61d0003340
    lock_owner = 0x0000000000000000

bb_getattr(path="/bogus.txt", statbuf=0xcfffec30)
    bb_fullpath:  rootdir = "/home/aleks/Documents/operativos/proyecto2/fuse-tutorial/fuse-tutorial-2018-02-04/example/rootdir", path = "/bogus.txt", fpath = "/home/aleks/Documents/operativos/proyecto2/fuse-tutorial/fuse-tutorial-2018-02-04/example/rootdir/bogus.txt"
    lstat returned 0
    si:
    st_dev = 2049
    st_ino = 138806
    st_mode = 0100644
    st_nlink = 1
    st_uid = 1000
    st_gid = 1000
    st_rdev = 0
    st_size = 11
    st_blksize = 4096
    st_blocks = 8
    st_atime = 0x5b21beee
    st_mtime = 0x5b21beeb
    st_ctime = 0x5b21beeb

bb_getattr(path="/.gitignore", statbuf=0xd549bc30)
    bb_fullpath:  rootdir = "/home/aleks/Documents/operativos/proyecto2/fuse-tutorial/fuse-tutorial-2018-02-04/example/rootdir", path = "/.gitignore", fpath = "/home/aleks/Documents/operativos/proyecto2/fuse-tutorial/fuse-tutorial-2018-02-04/example/rootdir/.gitignore"
    lstat returned -1
    ERROR lstat: No such file or directory
    si:
    st_dev = 0
    st_ino = 0
    st_mode = 00
    st_nlink = 0
    st_uid = 0
    st_gid = 0
    st_rdev = 0
    st_size = 0
    st_blksize = 0
    st_blocks = 0
    st_atime = 0x00000000
    st_mtime = 0x00000000
    st_ctime = 0x00000000

bb_releasedir(path="/", fi=0xcfffec30)
    fi:
    flags = 0x00000000
    fh_old = 0x7f61d0003340
    writepage = 0
    direct_io = 0
    keep_cache = 0
    fh = 0x00007f61d0003340
    lock_owner = 0x0000000000000000

bb_getattr(path="/", statbuf=0xd549bc00)
    bb_fullpath:  rootdir = "/home/aleks/Documents/operativos/proyecto2/fuse-tutorial/fuse-tutorial-2018-02-04/example/rootdir", path = "/", fpath = "/home/aleks/Documents/operativos/proyecto2/fuse-tutorial/fuse-tutorial-2018-02-04/example/rootdir/"
    lstat returned 0
    si:
    st_dev = 2049
    st_ino = 138805
    st_mode = 040755
    st_nlink = 2
    st_uid = 1000
    st_gid = 1000
    st_rdev = 0
    st_size = 4096
    st_blksize = 4096
    st_blocks = 8
    st_atime = 0x5b21beeb
    st_mtime = 0x5b21beeb
    st_ctime = 0x5b21beeb

bb_getattr(path="/bogus.txt", statbuf=0xd4c9ac30)
    bb_fullpath:  rootdir = "/home/aleks/Documents/operativos/proyecto2/fuse-tutorial/fuse-tutorial-2018-02-04/example/rootdir", path = "/bogus.txt", fpath = "/home/aleks/Documents/operativos/proyecto2/fuse-tutorial/fuse-tutorial-2018-02-04/example/rootdir/bogus.txt"
    lstat returned 0
    si:
    st_dev = 2049
    st_ino = 138806
    st_mode = 0100644
    st_nlink = 1
    st_uid = 1000
    st_gid = 1000
    st_rdev = 0
    st_size = 11
    st_blksize = 4096
    st_blocks = 8
    st_atime = 0x5b21beee
    st_mtime = 0x5b21beeb
    st_ctime = 0x5b21beeb

bb_open(path"/bogus.txt", fi=0xcfffece0)
    bb_fullpath:  rootdir = "/home/aleks/Documents/operativos/proyecto2/fuse-tutorial/fuse-tutorial-2018-02-04/example/rootdir", path = "/bogus.txt", fpath = "/home/aleks/Documents/operativos/proyecto2/fuse-tutorial/fuse-tutorial-2018-02-04/example/rootdir/bogus.txt"
    open returned 5
    fi:
    flags = 0x00008000
    fh_old = 0x00000000
    writepage = 0
    direct_io = 0
    keep_cache = 0
    fh = 0x0000000000000005
    lock_owner = 0x0000000000000000

bb_read(path="/bogus.txt", buf=0xd00032c0, size=4096, offset=0, fi=0xd549bce0)
    fi:
    flags = 0x00008000
    fh_old = 0x00000005
    writepage = 0
    direct_io = 0
    keep_cache = 0
    fh = 0x0000000000000005
    lock_owner = 0x0000000000000000
    pread returned 11

bb_fgetattr(path="/bogus.txt", statbuf=0xd4c9ac00, fi=0xd4c9ace0)
    fi:
    flags = 0x00000000
    fh_old = 0x00000005
    writepage = 0
    direct_io = 0
    keep_cache = 0
    fh = 0x0000000000000005
    lock_owner = 0x0000000000000000
    si:
    st_dev = 2049
    st_ino = 138806
    st_mode = 0100644
    st_nlink = 1
    st_uid = 1000
    st_gid = 1000
    st_rdev = 0
    st_size = 11
    st_blksize = 4096
    st_blocks = 8
    st_atime = 0x5b21beee
    st_mtime = 0x5b21beeb
    st_ctime = 0x5b21beeb

bb_flush(path="/bogus.txt", fi=0xcfffece0)
    fi:
    flags = 0x00000000
    fh_old = 0x00000005
    writepage = 0
    direct_io = 0
    keep_cache = 0
    fh = 0x0000000000000005
    lock_owner = 0xe928f071002b0ce3

bb_release(path="/bogus.txt", fi=0xd549bce0)
    fi:
    flags = 0x00008000
    fh_old = 0x00000005
    writepage = 0
    direct_io = 0
    keep_cache = 0
    fh = 0x0000000000000005
    lock_owner = 0x0000000000000000
    close returned 0

bb_getattr(path="/", statbuf=0xd4c9ac00)
    bb_fullpath:  rootdir = "/home/aleks/Documents/operativos/proyecto2/fuse-tutorial/fuse-tutorial-2018-02-04/example/rootdir", path = "/", fpath = "/home/aleks/Documents/operativos/proyecto2/fuse-tutorial/fuse-tutorial-2018-02-04/example/rootdir/"
    lstat returned 0
    si:
    st_dev = 2049
    st_ino = 138805
    st_mode = 040755
    st_nlink = 2
    st_uid = 1000
    st_gid = 1000
    st_rdev = 0
    st_size = 4096
    st_blksize = 4096
    st_blocks = 8
    st_atime = 0x5b21beeb
    st_mtime = 0x5b21beeb
    st_ctime = 0x5b21beeb

bb_destroy(userdata=0x62cc3260)
